{"D:\\workspace\\repository\\es-collections\\lib\\list\\src\\StaticLinkedList.ts": {"path":"D:\\workspace\\repository\\es-collections\\lib\\list\\src\\StaticLinkedList.ts","all":true,"statementMap":{"0":{"start":{"line":1,"column":0},"end":{"line":1,"column":22}},"1":{"start":{"line":2,"column":0},"end":{"line":2,"column":9}},"2":{"start":{"line":3,"column":0},"end":{"line":3,"column":13}},"3":{"start":{"line":4,"column":0},"end":{"line":4,"column":1}},"4":{"start":{"line":5,"column":0},"end":{"line":5,"column":0}},"5":{"start":{"line":6,"column":0},"end":{"line":6,"column":42}},"6":{"start":{"line":7,"column":0},"end":{"line":7,"column":39}},"7":{"start":{"line":8,"column":0},"end":{"line":8,"column":37}},"8":{"start":{"line":9,"column":0},"end":{"line":9,"column":0}},"9":{"start":{"line":10,"column":0},"end":{"line":10,"column":0}},"10":{"start":{"line":11,"column":0},"end":{"line":11,"column":0}},"11":{"start":{"line":12,"column":0},"end":{"line":12,"column":0}},"12":{"start":{"line":13,"column":0},"end":{"line":13,"column":1}}},"s":{"0":0,"1":0,"2":0,"3":0,"4":0,"5":0,"6":0,"7":0,"8":0,"9":0,"10":0,"11":0,"12":0},"branchMap":{"0":{"type":"branch","line":1,"loc":{"start":{"line":1,"column":188},"end":{"line":13,"column":1}},"locations":[{"start":{"line":1,"column":188},"end":{"line":13,"column":1}}]}},"b":{"0":[0]},"fnMap":{"0":{"name":"(empty-report)","decl":{"start":{"line":1,"column":188},"end":{"line":13,"column":1}},"loc":{"start":{"line":1,"column":188},"end":{"line":13,"column":1}},"line":1}},"f":{"0":0}}
,"D:\\workspace\\repository\\es-collections\\lib\\list\\src\\arrayList.ts": {"path":"D:\\workspace\\repository\\es-collections\\lib\\list\\src\\arrayList.ts","all":false,"statementMap":{"0":{"start":{"line":1,"column":0},"end":{"line":1,"column":36}},"1":{"start":{"line":2,"column":0},"end":{"line":2,"column":0}},"2":{"start":{"line":3,"column":0},"end":{"line":3,"column":39}},"3":{"start":{"line":4,"column":0},"end":{"line":4,"column":0}},"4":{"start":{"line":5,"column":0},"end":{"line":5,"column":52}},"5":{"start":{"line":6,"column":0},"end":{"line":6,"column":52}},"6":{"start":{"line":7,"column":0},"end":{"line":7,"column":0}},"7":{"start":{"line":8,"column":0},"end":{"line":8,"column":37}},"8":{"start":{"line":9,"column":0},"end":{"line":9,"column":17}},"9":{"start":{"line":10,"column":0},"end":{"line":10,"column":11}},"10":{"start":{"line":11,"column":0},"end":{"line":11,"column":3}},"11":{"start":{"line":12,"column":0},"end":{"line":12,"column":1}},"12":{"start":{"line":13,"column":0},"end":{"line":13,"column":0}},"13":{"start":{"line":14,"column":0},"end":{"line":14,"column":39}},"14":{"start":{"line":15,"column":0},"end":{"line":15,"column":17}},"15":{"start":{"line":16,"column":0},"end":{"line":16,"column":11}},"16":{"start":{"line":17,"column":0},"end":{"line":17,"column":3}},"17":{"start":{"line":18,"column":0},"end":{"line":18,"column":1}},"18":{"start":{"line":19,"column":0},"end":{"line":19,"column":0}},"19":{"start":{"line":20,"column":0},"end":{"line":20,"column":54}},"20":{"start":{"line":21,"column":0},"end":{"line":21,"column":39}},"21":{"start":{"line":22,"column":0},"end":{"line":22,"column":20}},"22":{"start":{"line":23,"column":0},"end":{"line":23,"column":24}},"23":{"start":{"line":24,"column":0},"end":{"line":24,"column":2}},"24":{"start":{"line":25,"column":0},"end":{"line":25,"column":35}},"25":{"start":{"line":26,"column":0},"end":{"line":26,"column":44}},"26":{"start":{"line":27,"column":0},"end":{"line":27,"column":3}},"27":{"start":{"line":28,"column":0},"end":{"line":28,"column":0}},"28":{"start":{"line":29,"column":0},"end":{"line":29,"column":16}},"29":{"start":{"line":30,"column":0},"end":{"line":30,"column":35}},"30":{"start":{"line":31,"column":0},"end":{"line":31,"column":42}},"31":{"start":{"line":32,"column":0},"end":{"line":32,"column":67}},"32":{"start":{"line":33,"column":0},"end":{"line":33,"column":4}},"33":{"start":{"line":34,"column":0},"end":{"line":34,"column":3}},"34":{"start":{"line":35,"column":0},"end":{"line":35,"column":0}},"35":{"start":{"line":36,"column":0},"end":{"line":36,"column":11}},"36":{"start":{"line":37,"column":0},"end":{"line":37,"column":0}},"37":{"start":{"line":38,"column":0},"end":{"line":38,"column":18}},"38":{"start":{"line":39,"column":0},"end":{"line":39,"column":30}},"39":{"start":{"line":40,"column":0},"end":{"line":40,"column":36}},"40":{"start":{"line":41,"column":0},"end":{"line":41,"column":3}},"41":{"start":{"line":42,"column":0},"end":{"line":42,"column":0}},"42":{"start":{"line":43,"column":0},"end":{"line":43,"column":32}},"43":{"start":{"line":44,"column":0},"end":{"line":44,"column":38}},"44":{"start":{"line":45,"column":0},"end":{"line":45,"column":30}},"45":{"start":{"line":46,"column":0},"end":{"line":46,"column":0}},"46":{"start":{"line":47,"column":0},"end":{"line":47,"column":46}},"47":{"start":{"line":48,"column":0},"end":{"line":48,"column":37}},"48":{"start":{"line":49,"column":0},"end":{"line":49,"column":5}},"49":{"start":{"line":50,"column":0},"end":{"line":50,"column":0}},"50":{"start":{"line":51,"column":0},"end":{"line":51,"column":28}},"51":{"start":{"line":52,"column":0},"end":{"line":52,"column":17}},"52":{"start":{"line":53,"column":0},"end":{"line":53,"column":3}},"53":{"start":{"line":54,"column":0},"end":{"line":54,"column":0}},"54":{"start":{"line":55,"column":0},"end":{"line":55,"column":18}},"55":{"start":{"line":56,"column":0},"end":{"line":56,"column":34}},"56":{"start":{"line":57,"column":0},"end":{"line":57,"column":0}},"57":{"start":{"line":58,"column":0},"end":{"line":58,"column":25}},"58":{"start":{"line":59,"column":0},"end":{"line":59,"column":0}},"59":{"start":{"line":60,"column":0},"end":{"line":60,"column":44}},"60":{"start":{"line":61,"column":0},"end":{"line":61,"column":37}},"61":{"start":{"line":62,"column":0},"end":{"line":62,"column":5}},"62":{"start":{"line":63,"column":0},"end":{"line":63,"column":0}},"63":{"start":{"line":64,"column":0},"end":{"line":64,"column":17}},"64":{"start":{"line":65,"column":0},"end":{"line":65,"column":3}},"65":{"start":{"line":66,"column":0},"end":{"line":66,"column":0}},"66":{"start":{"line":67,"column":0},"end":{"line":67,"column":19}},"67":{"start":{"line":68,"column":0},"end":{"line":68,"column":42}},"68":{"start":{"line":69,"column":0},"end":{"line":69,"column":41}},"69":{"start":{"line":70,"column":0},"end":{"line":70,"column":5}},"70":{"start":{"line":71,"column":0},"end":{"line":71,"column":13}},"71":{"start":{"line":72,"column":0},"end":{"line":72,"column":3}},"72":{"start":{"line":73,"column":0},"end":{"line":73,"column":0}},"73":{"start":{"line":74,"column":0},"end":{"line":74,"column":12}},"74":{"start":{"line":75,"column":0},"end":{"line":75,"column":34}},"75":{"start":{"line":76,"column":0},"end":{"line":76,"column":3}},"76":{"start":{"line":77,"column":0},"end":{"line":77,"column":0}},"77":{"start":{"line":78,"column":0},"end":{"line":78,"column":22}},"78":{"start":{"line":79,"column":0},"end":{"line":79,"column":65}},"79":{"start":{"line":80,"column":0},"end":{"line":80,"column":0}},"80":{"start":{"line":81,"column":0},"end":{"line":81,"column":28}},"81":{"start":{"line":82,"column":0},"end":{"line":82,"column":3}},"82":{"start":{"line":83,"column":0},"end":{"line":83,"column":0}},"83":{"start":{"line":84,"column":0},"end":{"line":84,"column":31}},"84":{"start":{"line":85,"column":0},"end":{"line":85,"column":6}},"85":{"start":{"line":86,"column":0},"end":{"line":86,"column":3}},"86":{"start":{"line":87,"column":0},"end":{"line":87,"column":0}},"87":{"start":{"line":88,"column":0},"end":{"line":88,"column":27}},"88":{"start":{"line":89,"column":0},"end":{"line":89,"column":56}},"89":{"start":{"line":90,"column":0},"end":{"line":90,"column":0}},"90":{"start":{"line":91,"column":0},"end":{"line":91,"column":34}},"91":{"start":{"line":92,"column":0},"end":{"line":92,"column":0}},"92":{"start":{"line":93,"column":0},"end":{"line":93,"column":46}},"93":{"start":{"line":94,"column":0},"end":{"line":94,"column":37}},"94":{"start":{"line":95,"column":0},"end":{"line":95,"column":5}},"95":{"start":{"line":96,"column":0},"end":{"line":96,"column":4}},"96":{"start":{"line":97,"column":0},"end":{"line":97,"column":17}},"97":{"start":{"line":98,"column":0},"end":{"line":98,"column":0}},"98":{"start":{"line":99,"column":0},"end":{"line":99,"column":15}},"99":{"start":{"line":100,"column":0},"end":{"line":100,"column":3}},"100":{"start":{"line":101,"column":0},"end":{"line":101,"column":0}},"101":{"start":{"line":102,"column":0},"end":{"line":102,"column":11}},"102":{"start":{"line":103,"column":0},"end":{"line":103,"column":15}},"103":{"start":{"line":104,"column":0},"end":{"line":104,"column":3}},"104":{"start":{"line":105,"column":0},"end":{"line":105,"column":0}},"105":{"start":{"line":106,"column":0},"end":{"line":106,"column":11}},"106":{"start":{"line":107,"column":0},"end":{"line":107,"column":25}},"107":{"start":{"line":108,"column":0},"end":{"line":108,"column":19}},"108":{"start":{"line":109,"column":0},"end":{"line":109,"column":3}},"109":{"start":{"line":110,"column":0},"end":{"line":110,"column":0}},"110":{"start":{"line":111,"column":0},"end":{"line":111,"column":13}},"111":{"start":{"line":112,"column":0},"end":{"line":112,"column":28}},"112":{"start":{"line":113,"column":0},"end":{"line":113,"column":3}},"113":{"start":{"line":114,"column":0},"end":{"line":114,"column":0}},"114":{"start":{"line":115,"column":0},"end":{"line":115,"column":31}},"115":{"start":{"line":116,"column":0},"end":{"line":116,"column":2}},"116":{"start":{"line":117,"column":0},"end":{"line":117,"column":51}},"117":{"start":{"line":118,"column":0},"end":{"line":118,"column":42}},"118":{"start":{"line":119,"column":0},"end":{"line":119,"column":46}},"119":{"start":{"line":120,"column":0},"end":{"line":120,"column":53}},"120":{"start":{"line":121,"column":0},"end":{"line":121,"column":36}},"121":{"start":{"line":122,"column":0},"end":{"line":122,"column":39}},"122":{"start":{"line":123,"column":0},"end":{"line":123,"column":30}},"123":{"start":{"line":124,"column":0},"end":{"line":124,"column":10}},"124":{"start":{"line":125,"column":0},"end":{"line":125,"column":7}},"125":{"start":{"line":126,"column":0},"end":{"line":126,"column":5}},"126":{"start":{"line":127,"column":0},"end":{"line":127,"column":3}},"127":{"start":{"line":128,"column":0},"end":{"line":128,"column":0}},"128":{"start":{"line":129,"column":0},"end":{"line":129,"column":13}},"129":{"start":{"line":130,"column":0},"end":{"line":130,"column":56}},"130":{"start":{"line":131,"column":0},"end":{"line":131,"column":32}},"131":{"start":{"line":132,"column":0},"end":{"line":132,"column":35}},"132":{"start":{"line":133,"column":0},"end":{"line":133,"column":26}},"133":{"start":{"line":134,"column":0},"end":{"line":134,"column":5}},"134":{"start":{"line":135,"column":0},"end":{"line":135,"column":3}},"135":{"start":{"line":136,"column":0},"end":{"line":136,"column":0}},"136":{"start":{"line":137,"column":0},"end":{"line":137,"column":14}},"137":{"start":{"line":138,"column":0},"end":{"line":138,"column":51}},"138":{"start":{"line":139,"column":0},"end":{"line":139,"column":3}},"139":{"start":{"line":140,"column":0},"end":{"line":140,"column":1}}},"s":{"0":1,"1":1,"2":1,"3":1,"4":1,"5":1,"6":1,"7":1,"8":1,"9":0,"10":0,"11":1,"12":1,"13":1,"14":1,"15":0,"16":0,"17":1,"18":1,"19":1,"20":1,"21":1,"22":1,"23":1,"24":1,"25":1,"26":1,"27":1,"28":1,"29":1,"30":1,"31":1,"32":1,"33":1,"34":1,"35":1,"36":1,"37":1,"38":3,"39":3,"40":3,"41":1,"42":1,"43":4,"44":4,"45":4,"46":4,"47":9,"48":9,"49":4,"50":4,"51":4,"52":4,"53":1,"54":1,"55":0,"56":0,"57":0,"58":0,"59":0,"60":0,"61":0,"62":0,"63":0,"64":0,"65":1,"66":1,"67":0,"68":0,"69":0,"70":0,"71":0,"72":1,"73":1,"74":7,"75":7,"76":1,"77":1,"78":0,"79":0,"80":0,"81":0,"82":1,"83":1,"84":0,"85":0,"86":1,"87":1,"88":1,"89":1,"90":1,"91":1,"92":1,"93":7,"94":7,"95":1,"96":1,"97":1,"98":1,"99":1,"100":1,"101":1,"102":0,"103":0,"104":1,"105":1,"106":0,"107":0,"108":0,"109":1,"110":1,"111":1,"112":1,"113":1,"114":1,"115":1,"116":1,"117":1,"118":6,"119":15,"120":8,"121":8,"122":8,"123":8,"124":15,"125":6,"126":1,"127":1,"128":1,"129":1,"130":3,"131":3,"132":3,"133":3,"134":1,"135":1,"136":1,"137":0,"138":0,"139":1},"branchMap":{"0":{"type":"branch","line":6,"loc":{"start":{"line":6,"column":37},"end":{"line":6,"column":52}},"locations":[{"start":{"line":6,"column":37},"end":{"line":6,"column":52}}]},"1":{"type":"branch","line":32,"loc":{"start":{"line":32,"column":2},"end":{"line":34,"column":3}},"locations":[{"start":{"line":32,"column":2},"end":{"line":34,"column":3}}]},"2":{"type":"branch","line":38,"loc":{"start":{"line":38,"column":2},"end":{"line":41,"column":3}},"locations":[{"start":{"line":38,"column":2},"end":{"line":41,"column":3}}]},"3":{"type":"branch","line":39,"loc":{"start":{"line":39,"column":22},"end":{"line":39,"column":30}},"locations":[{"start":{"line":39,"column":22},"end":{"line":39,"column":30}}]},"4":{"type":"branch","line":43,"loc":{"start":{"line":43,"column":2},"end":{"line":53,"column":3}},"locations":[{"start":{"line":43,"column":2},"end":{"line":53,"column":3}}]},"5":{"type":"branch","line":44,"loc":{"start":{"line":44,"column":30},"end":{"line":44,"column":38}},"locations":[{"start":{"line":44,"column":30},"end":{"line":44,"column":38}}]},"6":{"type":"branch","line":45,"loc":{"start":{"line":45,"column":22},"end":{"line":45,"column":30}},"locations":[{"start":{"line":45,"column":22},"end":{"line":45,"column":30}}]},"7":{"type":"branch","line":47,"loc":{"start":{"line":47,"column":45},"end":{"line":49,"column":5}},"locations":[{"start":{"line":47,"column":45},"end":{"line":49,"column":5}}]},"8":{"type":"branch","line":74,"loc":{"start":{"line":74,"column":2},"end":{"line":76,"column":3}},"locations":[{"start":{"line":74,"column":2},"end":{"line":76,"column":3}}]},"9":{"type":"branch","line":88,"loc":{"start":{"line":88,"column":2},"end":{"line":100,"column":3}},"locations":[{"start":{"line":88,"column":2},"end":{"line":100,"column":3}}]},"10":{"type":"branch","line":89,"loc":{"start":{"line":89,"column":48},"end":{"line":89,"column":56}},"locations":[{"start":{"line":89,"column":48},"end":{"line":89,"column":56}}]},"11":{"type":"branch","line":93,"loc":{"start":{"line":93,"column":45},"end":{"line":95,"column":5}},"locations":[{"start":{"line":93,"column":45},"end":{"line":95,"column":5}}]},"12":{"type":"branch","line":111,"loc":{"start":{"line":111,"column":2},"end":{"line":113,"column":3}},"locations":[{"start":{"line":111,"column":2},"end":{"line":113,"column":3}}]},"13":{"type":"branch","line":115,"loc":{"start":{"line":115,"column":2},"end":{"line":115,"column":31}},"locations":[{"start":{"line":115,"column":2},"end":{"line":115,"column":31}}]},"14":{"type":"branch","line":117,"loc":{"start":{"line":117,"column":2},"end":{"line":127,"column":3}},"locations":[{"start":{"line":117,"column":2},"end":{"line":127,"column":3}}]},"15":{"type":"branch","line":118,"loc":{"start":{"line":118,"column":41},"end":{"line":126,"column":5}},"locations":[{"start":{"line":118,"column":41},"end":{"line":126,"column":5}}]},"16":{"type":"branch","line":119,"loc":{"start":{"line":119,"column":45},"end":{"line":125,"column":7}},"locations":[{"start":{"line":119,"column":45},"end":{"line":125,"column":7}}]},"17":{"type":"branch","line":120,"loc":{"start":{"line":120,"column":52},"end":{"line":124,"column":10}},"locations":[{"start":{"line":120,"column":52},"end":{"line":124,"column":10}}]},"18":{"type":"branch","line":129,"loc":{"start":{"line":129,"column":2},"end":{"line":135,"column":3}},"locations":[{"start":{"line":129,"column":2},"end":{"line":135,"column":3}}]},"19":{"type":"branch","line":130,"loc":{"start":{"line":130,"column":55},"end":{"line":134,"column":5}},"locations":[{"start":{"line":130,"column":55},"end":{"line":134,"column":5}}]}},"b":{"0":[15],"1":[1],"2":[3],"3":[0],"4":[4],"5":[0],"6":[0],"7":[9],"8":[7],"9":[1],"10":[0],"11":[7],"12":[1],"13":[6],"14":[1],"15":[6],"16":[15],"17":[8],"18":[1],"19":[3]},"fnMap":{"0":{"name":"lt","decl":{"start":{"line":5,"column":37},"end":{"line":5,"column":52}},"loc":{"start":{"line":5,"column":37},"end":{"line":5,"column":52}},"line":5},"1":{"name":"gt","decl":{"start":{"line":6,"column":37},"end":{"line":6,"column":52}},"loc":{"start":{"line":6,"column":37},"end":{"line":6,"column":52}},"line":6},"2":{"name":"OutOfRangeError","decl":{"start":{"line":9,"column":2},"end":{"line":11,"column":3}},"loc":{"start":{"line":9,"column":2},"end":{"line":11,"column":3}},"line":9},"3":{"name":"IllegalIndexError","decl":{"start":{"line":15,"column":2},"end":{"line":17,"column":3}},"loc":{"start":{"line":15,"column":2},"end":{"line":17,"column":3}},"line":15},"4":{"name":"ArrayList","decl":{"start":{"line":32,"column":2},"end":{"line":34,"column":3}},"loc":{"start":{"line":32,"column":2},"end":{"line":34,"column":3}},"line":32},"5":{"name":"init","decl":{"start":{"line":36,"column":2},"end":{"line":36,"column":11}},"loc":{"start":{"line":36,"column":2},"end":{"line":36,"column":11}},"line":36},"6":{"name":"append","decl":{"start":{"line":38,"column":2},"end":{"line":41,"column":3}},"loc":{"start":{"line":38,"column":2},"end":{"line":41,"column":3}},"line":38},"7":{"name":"insert","decl":{"start":{"line":43,"column":2},"end":{"line":53,"column":3}},"loc":{"start":{"line":43,"column":2},"end":{"line":53,"column":3}},"line":43},"8":{"name":"remove","decl":{"start":{"line":55,"column":2},"end":{"line":65,"column":3}},"loc":{"start":{"line":55,"column":2},"end":{"line":65,"column":3}},"line":55},"9":{"name":"indexOf","decl":{"start":{"line":67,"column":2},"end":{"line":72,"column":3}},"loc":{"start":{"line":67,"column":2},"end":{"line":72,"column":3}},"line":67},"10":{"name":"isFull","decl":{"start":{"line":74,"column":2},"end":{"line":76,"column":3}},"loc":{"start":{"line":74,"column":2},"end":{"line":76,"column":3}},"line":74},"11":{"name":"get","decl":{"start":{"line":78,"column":2},"end":{"line":82,"column":3}},"loc":{"start":{"line":78,"column":2},"end":{"line":82,"column":3}},"line":78},"12":{"name":"set","decl":{"start":{"line":84,"column":2},"end":{"line":86,"column":3}},"loc":{"start":{"line":84,"column":2},"end":{"line":86,"column":3}},"line":84},"13":{"name":"removeAt","decl":{"start":{"line":88,"column":2},"end":{"line":100,"column":3}},"loc":{"start":{"line":88,"column":2},"end":{"line":100,"column":3}},"line":88},"14":{"name":"clone","decl":{"start":{"line":102,"column":2},"end":{"line":104,"column":3}},"loc":{"start":{"line":102,"column":2},"end":{"line":104,"column":3}},"line":102},"15":{"name":"clear","decl":{"start":{"line":106,"column":2},"end":{"line":109,"column":3}},"loc":{"start":{"line":106,"column":2},"end":{"line":109,"column":3}},"line":106},"16":{"name":"isEmpty","decl":{"start":{"line":111,"column":2},"end":{"line":113,"column":3}},"loc":{"start":{"line":111,"column":2},"end":{"line":113,"column":3}},"line":111},"17":{"name":"size","decl":{"start":{"line":115,"column":2},"end":{"line":115,"column":31}},"loc":{"start":{"line":115,"column":2},"end":{"line":115,"column":31}},"line":115},"18":{"name":"sort","decl":{"start":{"line":117,"column":2},"end":{"line":127,"column":3}},"loc":{"start":{"line":117,"column":2},"end":{"line":127,"column":3}},"line":117},"19":{"name":"reverse","decl":{"start":{"line":129,"column":2},"end":{"line":135,"column":3}},"loc":{"start":{"line":129,"column":2},"end":{"line":135,"column":3}},"line":129},"20":{"name":"toString","decl":{"start":{"line":137,"column":2},"end":{"line":139,"column":3}},"loc":{"start":{"line":137,"column":2},"end":{"line":139,"column":3}},"line":137}},"f":{"0":0,"1":15,"2":0,"3":0,"4":1,"5":0,"6":3,"7":4,"8":0,"9":0,"10":7,"11":0,"12":0,"13":1,"14":0,"15":0,"16":1,"17":6,"18":1,"19":1,"20":0}}
,"D:\\workspace\\repository\\es-collections\\lib\\list\\src\\circularLinkedList.ts": {"path":"D:\\workspace\\repository\\es-collections\\lib\\list\\src\\circularLinkedList.ts","all":true,"statementMap":{"0":{"start":{"line":1,"column":0},"end":{"line":1,"column":31}},"1":{"start":{"line":2,"column":0},"end":{"line":2,"column":0}},"2":{"start":{"line":3,"column":0},"end":{"line":3,"column":44}},"3":{"start":{"line":4,"column":0},"end":{"line":4,"column":63}},"4":{"start":{"line":5,"column":0},"end":{"line":5,"column":35}},"5":{"start":{"line":6,"column":0},"end":{"line":6,"column":20}},"6":{"start":{"line":7,"column":0},"end":{"line":7,"column":0}},"7":{"start":{"line":8,"column":0},"end":{"line":8,"column":16}},"8":{"start":{"line":9,"column":0},"end":{"line":9,"column":35}},"9":{"start":{"line":10,"column":0},"end":{"line":10,"column":41}},"10":{"start":{"line":11,"column":0},"end":{"line":11,"column":67}},"11":{"start":{"line":12,"column":0},"end":{"line":12,"column":41}},"12":{"start":{"line":13,"column":0},"end":{"line":13,"column":41}},"13":{"start":{"line":14,"column":0},"end":{"line":14,"column":0}},"14":{"start":{"line":15,"column":0},"end":{"line":15,"column":20}},"15":{"start":{"line":16,"column":0},"end":{"line":16,"column":31}},"16":{"start":{"line":17,"column":0},"end":{"line":17,"column":58}},"17":{"start":{"line":18,"column":0},"end":{"line":18,"column":8}},"18":{"start":{"line":19,"column":0},"end":{"line":19,"column":7}},"19":{"start":{"line":20,"column":0},"end":{"line":20,"column":5}},"20":{"start":{"line":21,"column":0},"end":{"line":21,"column":3}},"21":{"start":{"line":22,"column":0},"end":{"line":22,"column":0}},"22":{"start":{"line":23,"column":0},"end":{"line":23,"column":33}},"23":{"start":{"line":24,"column":0},"end":{"line":24,"column":0}},"24":{"start":{"line":25,"column":0},"end":{"line":25,"column":27}},"25":{"start":{"line":26,"column":0},"end":{"line":26,"column":0}},"26":{"start":{"line":27,"column":0},"end":{"line":27,"column":20}},"27":{"start":{"line":28,"column":0},"end":{"line":28,"column":0}},"28":{"start":{"line":29,"column":0},"end":{"line":29,"column":13}},"29":{"start":{"line":30,"column":0},"end":{"line":30,"column":39}},"30":{"start":{"line":31,"column":0},"end":{"line":31,"column":3}},"31":{"start":{"line":32,"column":0},"end":{"line":32,"column":0}},"32":{"start":{"line":33,"column":0},"end":{"line":33,"column":14}},"33":{"start":{"line":34,"column":0},"end":{"line":34,"column":24}},"34":{"start":{"line":35,"column":0},"end":{"line":35,"column":0}},"35":{"start":{"line":36,"column":0},"end":{"line":36,"column":24}},"36":{"start":{"line":37,"column":0},"end":{"line":37,"column":0}},"37":{"start":{"line":38,"column":0},"end":{"line":38,"column":22}},"38":{"start":{"line":39,"column":0},"end":{"line":39,"column":32}},"39":{"start":{"line":40,"column":0},"end":{"line":40,"column":22}},"40":{"start":{"line":41,"column":0},"end":{"line":41,"column":5}},"41":{"start":{"line":42,"column":0},"end":{"line":42,"column":0}},"42":{"start":{"line":43,"column":0},"end":{"line":43,"column":55}},"43":{"start":{"line":44,"column":0},"end":{"line":44,"column":3}},"44":{"start":{"line":45,"column":0},"end":{"line":45,"column":1}}},"s":{"0":0,"1":0,"2":0,"3":0,"4":0,"5":0,"6":0,"7":0,"8":0,"9":0,"10":0,"11":0,"12":0,"13":0,"14":0,"15":0,"16":0,"17":0,"18":0,"19":0,"20":0,"21":0,"22":0,"23":0,"24":0,"25":0,"26":0,"27":0,"28":0,"29":0,"30":0,"31":0,"32":0,"33":0,"34":0,"35":0,"36":0,"37":0,"38":0,"39":0,"40":0,"41":0,"42":0,"43":0,"44":0},"branchMap":{"0":{"type":"branch","line":1,"loc":{"start":{"line":1,"column":991},"end":{"line":45,"column":1}},"locations":[{"start":{"line":1,"column":991},"end":{"line":45,"column":1}}]}},"b":{"0":[0]},"fnMap":{"0":{"name":"(empty-report)","decl":{"start":{"line":1,"column":991},"end":{"line":45,"column":1}},"loc":{"start":{"line":1,"column":991},"end":{"line":45,"column":1}},"line":1}},"f":{"0":0}}
,"D:\\workspace\\repository\\es-collections\\lib\\list\\src\\doublyLinkedList.ts": {"path":"D:\\workspace\\repository\\es-collections\\lib\\list\\src\\doublyLinkedList.ts","all":false,"statementMap":{"0":{"start":{"line":1,"column":0},"end":{"line":1,"column":31}},"1":{"start":{"line":2,"column":0},"end":{"line":2,"column":0}},"2":{"start":{"line":3,"column":0},"end":{"line":3,"column":42}},"3":{"start":{"line":4,"column":0},"end":{"line":4,"column":52}},"4":{"start":{"line":5,"column":0},"end":{"line":5,"column":34}},"5":{"start":{"line":6,"column":0},"end":{"line":6,"column":20}},"6":{"start":{"line":7,"column":0},"end":{"line":7,"column":0}},"7":{"start":{"line":8,"column":0},"end":{"line":8,"column":16}},"8":{"start":{"line":9,"column":0},"end":{"line":9,"column":35}},"9":{"start":{"line":10,"column":0},"end":{"line":10,"column":42}},"10":{"start":{"line":11,"column":0},"end":{"line":11,"column":67}},"11":{"start":{"line":12,"column":0},"end":{"line":12,"column":33}},"12":{"start":{"line":13,"column":0},"end":{"line":13,"column":0}},"13":{"start":{"line":14,"column":0},"end":{"line":14,"column":33}},"14":{"start":{"line":15,"column":0},"end":{"line":15,"column":58}},"15":{"start":{"line":16,"column":0},"end":{"line":16,"column":64}},"16":{"start":{"line":17,"column":0},"end":{"line":17,"column":0}},"17":{"start":{"line":18,"column":0},"end":{"line":18,"column":37}},"18":{"start":{"line":19,"column":0},"end":{"line":19,"column":31}},"19":{"start":{"line":20,"column":0},"end":{"line":20,"column":18}},"20":{"start":{"line":21,"column":0},"end":{"line":21,"column":9}},"21":{"start":{"line":22,"column":0},"end":{"line":22,"column":0}},"22":{"start":{"line":23,"column":0},"end":{"line":23,"column":34}},"23":{"start":{"line":24,"column":0},"end":{"line":24,"column":34}},"24":{"start":{"line":25,"column":0},"end":{"line":25,"column":29}},"25":{"start":{"line":26,"column":0},"end":{"line":26,"column":7}},"26":{"start":{"line":27,"column":0},"end":{"line":27,"column":5}},"27":{"start":{"line":28,"column":0},"end":{"line":28,"column":3}},"28":{"start":{"line":29,"column":0},"end":{"line":29,"column":0}},"29":{"start":{"line":30,"column":0},"end":{"line":30,"column":18}},"30":{"start":{"line":31,"column":0},"end":{"line":31,"column":25}},"31":{"start":{"line":32,"column":0},"end":{"line":32,"column":70}},"32":{"start":{"line":33,"column":0},"end":{"line":33,"column":12}},"33":{"start":{"line":34,"column":0},"end":{"line":34,"column":31}},"34":{"start":{"line":35,"column":0},"end":{"line":35,"column":0}},"35":{"start":{"line":36,"column":0},"end":{"line":36,"column":39}},"36":{"start":{"line":37,"column":0},"end":{"line":37,"column":0}},"37":{"start":{"line":38,"column":0},"end":{"line":38,"column":65}},"38":{"start":{"line":39,"column":0},"end":{"line":39,"column":5}},"39":{"start":{"line":40,"column":0},"end":{"line":40,"column":17}},"40":{"start":{"line":41,"column":0},"end":{"line":41,"column":3}},"41":{"start":{"line":42,"column":0},"end":{"line":42,"column":0}},"42":{"start":{"line":43,"column":0},"end":{"line":43,"column":32}},"43":{"start":{"line":44,"column":0},"end":{"line":44,"column":21}},"44":{"start":{"line":45,"column":0},"end":{"line":45,"column":34}},"45":{"start":{"line":46,"column":0},"end":{"line":46,"column":70}},"46":{"start":{"line":47,"column":0},"end":{"line":47,"column":12}},"47":{"start":{"line":48,"column":0},"end":{"line":48,"column":33}},"48":{"start":{"line":49,"column":0},"end":{"line":49,"column":0}},"49":{"start":{"line":50,"column":0},"end":{"line":50,"column":24}},"50":{"start":{"line":51,"column":0},"end":{"line":51,"column":29}},"51":{"start":{"line":52,"column":0},"end":{"line":52,"column":38}},"52":{"start":{"line":53,"column":0},"end":{"line":53,"column":73}},"53":{"start":{"line":54,"column":0},"end":{"line":54,"column":15}},"54":{"start":{"line":55,"column":0},"end":{"line":55,"column":9}},"55":{"start":{"line":56,"column":0},"end":{"line":56,"column":24}},"56":{"start":{"line":57,"column":0},"end":{"line":57,"column":7}},"57":{"start":{"line":58,"column":0},"end":{"line":58,"column":5}},"58":{"start":{"line":59,"column":0},"end":{"line":59,"column":17}},"59":{"start":{"line":60,"column":0},"end":{"line":60,"column":3}},"60":{"start":{"line":61,"column":0},"end":{"line":61,"column":0}},"61":{"start":{"line":62,"column":0},"end":{"line":62,"column":18}},"62":{"start":{"line":63,"column":0},"end":{"line":63,"column":24}},"63":{"start":{"line":64,"column":0},"end":{"line":64,"column":0}},"64":{"start":{"line":65,"column":0},"end":{"line":65,"column":22}},"65":{"start":{"line":66,"column":0},"end":{"line":66,"column":35}},"66":{"start":{"line":67,"column":0},"end":{"line":67,"column":28}},"67":{"start":{"line":68,"column":0},"end":{"line":68,"column":46}},"68":{"start":{"line":69,"column":0},"end":{"line":69,"column":16}},"69":{"start":{"line":70,"column":0},"end":{"line":70,"column":37}},"70":{"start":{"line":71,"column":0},"end":{"line":71,"column":9}},"71":{"start":{"line":72,"column":0},"end":{"line":72,"column":34}},"72":{"start":{"line":73,"column":0},"end":{"line":73,"column":13}},"73":{"start":{"line":74,"column":0},"end":{"line":74,"column":7}},"74":{"start":{"line":75,"column":0},"end":{"line":75,"column":22}},"75":{"start":{"line":76,"column":0},"end":{"line":76,"column":5}},"76":{"start":{"line":77,"column":0},"end":{"line":77,"column":0}},"77":{"start":{"line":78,"column":0},"end":{"line":78,"column":17}},"78":{"start":{"line":79,"column":0},"end":{"line":79,"column":3}},"79":{"start":{"line":80,"column":0},"end":{"line":80,"column":0}},"80":{"start":{"line":81,"column":0},"end":{"line":81,"column":26}},"81":{"start":{"line":82,"column":0},"end":{"line":82,"column":32}},"82":{"start":{"line":83,"column":0},"end":{"line":83,"column":29}},"83":{"start":{"line":84,"column":0},"end":{"line":84,"column":3}},"84":{"start":{"line":85,"column":0},"end":{"line":85,"column":0}},"85":{"start":{"line":86,"column":0},"end":{"line":86,"column":19}},"86":{"start":{"line":87,"column":0},"end":{"line":87,"column":41}},"87":{"start":{"line":88,"column":0},"end":{"line":88,"column":35}},"88":{"start":{"line":89,"column":0},"end":{"line":89,"column":0}},"89":{"start":{"line":90,"column":0},"end":{"line":90,"column":22}},"90":{"start":{"line":91,"column":0},"end":{"line":91,"column":46}},"91":{"start":{"line":92,"column":0},"end":{"line":92,"column":22}},"92":{"start":{"line":93,"column":0},"end":{"line":93,"column":13}},"93":{"start":{"line":94,"column":0},"end":{"line":94,"column":5}},"94":{"start":{"line":95,"column":0},"end":{"line":95,"column":0}},"95":{"start":{"line":96,"column":0},"end":{"line":96,"column":44}},"96":{"start":{"line":97,"column":0},"end":{"line":97,"column":3}},"97":{"start":{"line":98,"column":0},"end":{"line":98,"column":0}},"98":{"start":{"line":99,"column":0},"end":{"line":99,"column":29}},"99":{"start":{"line":100,"column":0},"end":{"line":100,"column":31}},"100":{"start":{"line":101,"column":0},"end":{"line":101,"column":0}},"101":{"start":{"line":102,"column":0},"end":{"line":102,"column":22}},"102":{"start":{"line":103,"column":0},"end":{"line":103,"column":25}},"103":{"start":{"line":104,"column":0},"end":{"line":104,"column":30}},"104":{"start":{"line":105,"column":0},"end":{"line":105,"column":13}},"105":{"start":{"line":106,"column":0},"end":{"line":106,"column":7}},"106":{"start":{"line":107,"column":0},"end":{"line":107,"column":22}},"107":{"start":{"line":108,"column":0},"end":{"line":108,"column":5}},"108":{"start":{"line":109,"column":0},"end":{"line":109,"column":3}},"109":{"start":{"line":110,"column":0},"end":{"line":110,"column":0}},"110":{"start":{"line":111,"column":0},"end":{"line":111,"column":21}},"111":{"start":{"line":112,"column":0},"end":{"line":112,"column":31}},"112":{"start":{"line":113,"column":0},"end":{"line":113,"column":0}},"113":{"start":{"line":114,"column":0},"end":{"line":114,"column":22}},"114":{"start":{"line":115,"column":0},"end":{"line":115,"column":45}},"115":{"start":{"line":116,"column":0},"end":{"line":116,"column":22}},"116":{"start":{"line":117,"column":0},"end":{"line":117,"column":5}},"117":{"start":{"line":118,"column":0},"end":{"line":118,"column":3}},"118":{"start":{"line":119,"column":0},"end":{"line":119,"column":0}},"119":{"start":{"line":120,"column":0},"end":{"line":120,"column":40}},"120":{"start":{"line":121,"column":0},"end":{"line":121,"column":0}},"121":{"start":{"line":122,"column":0},"end":{"line":122,"column":31}},"122":{"start":{"line":123,"column":0},"end":{"line":123,"column":0}},"123":{"start":{"line":124,"column":0},"end":{"line":124,"column":36}},"124":{"start":{"line":125,"column":0},"end":{"line":125,"column":24}},"125":{"start":{"line":126,"column":0},"end":{"line":126,"column":0}},"126":{"start":{"line":127,"column":0},"end":{"line":127,"column":18}},"127":{"start":{"line":128,"column":0},"end":{"line":128,"column":26}},"128":{"start":{"line":129,"column":0},"end":{"line":129,"column":0}},"129":{"start":{"line":130,"column":0},"end":{"line":130,"column":19}},"130":{"start":{"line":131,"column":0},"end":{"line":131,"column":29}},"131":{"start":{"line":132,"column":0},"end":{"line":132,"column":25}},"132":{"start":{"line":133,"column":0},"end":{"line":133,"column":7}},"133":{"start":{"line":134,"column":0},"end":{"line":134,"column":12}},"134":{"start":{"line":135,"column":0},"end":{"line":135,"column":26}},"135":{"start":{"line":136,"column":0},"end":{"line":136,"column":0}},"136":{"start":{"line":137,"column":0},"end":{"line":137,"column":24}},"137":{"start":{"line":138,"column":0},"end":{"line":138,"column":34}},"138":{"start":{"line":139,"column":0},"end":{"line":139,"column":24}},"139":{"start":{"line":140,"column":0},"end":{"line":140,"column":7}},"140":{"start":{"line":141,"column":0},"end":{"line":141,"column":5}},"141":{"start":{"line":142,"column":0},"end":{"line":142,"column":0}},"142":{"start":{"line":143,"column":0},"end":{"line":143,"column":53}},"143":{"start":{"line":144,"column":0},"end":{"line":144,"column":3}},"144":{"start":{"line":145,"column":0},"end":{"line":145,"column":1}}},"s":{"0":1,"1":1,"2":1,"3":1,"4":1,"5":1,"6":1,"7":1,"8":1,"9":1,"10":1,"11":1,"12":0,"13":1,"14":0,"15":0,"16":0,"17":0,"18":0,"19":0,"20":0,"21":0,"22":0,"23":0,"24":0,"25":0,"26":0,"27":1,"28":1,"29":1,"30":0,"31":0,"32":0,"33":0,"34":0,"35":0,"36":0,"37":0,"38":0,"39":0,"40":0,"41":1,"42":1,"43":0,"44":0,"45":0,"46":0,"47":0,"48":0,"49":0,"50":0,"51":0,"52":0,"53":0,"54":0,"55":0,"56":0,"57":0,"58":0,"59":0,"60":1,"61":1,"62":0,"63":0,"64":0,"65":0,"66":0,"67":0,"68":0,"69":0,"70":0,"71":0,"72":0,"73":0,"74":0,"75":0,"76":0,"77":0,"78":0,"79":1,"80":1,"81":0,"82":0,"83":0,"84":1,"85":1,"86":0,"87":0,"88":0,"89":0,"90":0,"91":0,"92":0,"93":0,"94":0,"95":0,"96":0,"97":1,"98":1,"99":0,"100":0,"101":0,"102":0,"103":0,"104":0,"105":0,"106":0,"107":0,"108":0,"109":1,"110":1,"111":0,"112":0,"113":0,"114":0,"115":0,"116":0,"117":0,"118":1,"119":1,"120":1,"121":1,"122":1,"123":1,"124":0,"125":0,"126":0,"127":0,"128":0,"129":0,"130":0,"131":0,"132":0,"133":0,"134":0,"135":0,"136":0,"137":0,"138":0,"139":0,"140":0,"141":0,"142":0,"143":0,"144":1},"branchMap":{"0":{"type":"branch","line":11,"loc":{"start":{"line":11,"column":2},"end":{"line":28,"column":3}},"locations":[{"start":{"line":11,"column":2},"end":{"line":28,"column":3}}]},"1":{"type":"branch","line":12,"loc":{"start":{"line":12,"column":32},"end":{"line":14,"column":14}},"locations":[{"start":{"line":12,"column":32},"end":{"line":14,"column":14}}]},"2":{"type":"branch","line":14,"loc":{"start":{"line":14,"column":32},"end":{"line":27,"column":5}},"locations":[{"start":{"line":14,"column":32},"end":{"line":27,"column":5}}]}},"b":{"0":[1],"1":[0],"2":[0]},"fnMap":{"0":{"name":"DoublyLinkedList","decl":{"start":{"line":11,"column":2},"end":{"line":28,"column":3}},"loc":{"start":{"line":11,"column":2},"end":{"line":28,"column":3}},"line":11},"1":{"name":"append","decl":{"start":{"line":30,"column":2},"end":{"line":41,"column":3}},"loc":{"start":{"line":30,"column":2},"end":{"line":41,"column":3}},"line":30},"2":{"name":"insert","decl":{"start":{"line":43,"column":2},"end":{"line":60,"column":3}},"loc":{"start":{"line":43,"column":2},"end":{"line":60,"column":3}},"line":43},"3":{"name":"remove","decl":{"start":{"line":62,"column":2},"end":{"line":79,"column":3}},"loc":{"start":{"line":62,"column":2},"end":{"line":79,"column":3}},"line":62},"4":{"name":"removeAt","decl":{"start":{"line":81,"column":2},"end":{"line":84,"column":3}},"loc":{"start":{"line":81,"column":2},"end":{"line":84,"column":3}},"line":81},"5":{"name":"indexOf","decl":{"start":{"line":86,"column":2},"end":{"line":97,"column":3}},"loc":{"start":{"line":86,"column":2},"end":{"line":97,"column":3}},"line":86},"6":{"name":"set","decl":{"start":{"line":99,"column":2},"end":{"line":109,"column":3}},"loc":{"start":{"line":99,"column":2},"end":{"line":109,"column":3}},"line":99},"7":{"name":"get","decl":{"start":{"line":111,"column":2},"end":{"line":118,"column":3}},"loc":{"start":{"line":111,"column":2},"end":{"line":118,"column":3}},"line":111},"8":{"name":"isEmpty","decl":{"start":{"line":120,"column":2},"end":{"line":120,"column":40}},"loc":{"start":{"line":120,"column":2},"end":{"line":120,"column":40}},"line":120},"9":{"name":"size","decl":{"start":{"line":122,"column":2},"end":{"line":122,"column":31}},"loc":{"start":{"line":122,"column":2},"end":{"line":122,"column":31}},"line":122},"10":{"name":"toString","decl":{"start":{"line":124,"column":2},"end":{"line":144,"column":3}},"loc":{"start":{"line":124,"column":2},"end":{"line":144,"column":3}},"line":124}},"f":{"0":1,"1":0,"2":0,"3":0,"4":0,"5":0,"6":0,"7":0,"8":0,"9":0,"10":0}}
,"D:\\workspace\\repository\\es-collections\\lib\\list\\src\\index.ts": {"path":"D:\\workspace\\repository\\es-collections\\lib\\list\\src\\index.ts","all":true,"statementMap":{"0":{"start":{"line":1,"column":0},"end":{"line":1,"column":50}},"1":{"start":{"line":2,"column":0},"end":{"line":2,"column":52}},"2":{"start":{"line":3,"column":0},"end":{"line":3,"column":63}}},"s":{"0":0,"1":0,"2":0},"branchMap":{"0":{"type":"branch","line":1,"loc":{"start":{"line":1,"column":169},"end":{"line":3,"column":63}},"locations":[{"start":{"line":1,"column":169},"end":{"line":3,"column":63}}]}},"b":{"0":[0]},"fnMap":{"0":{"name":"(empty-report)","decl":{"start":{"line":1,"column":169},"end":{"line":3,"column":63}},"loc":{"start":{"line":1,"column":169},"end":{"line":3,"column":63}},"line":1}},"f":{"0":0}}
,"D:\\workspace\\repository\\es-collections\\lib\\list\\src\\linkedList.ts": {"path":"D:\\workspace\\repository\\es-collections\\lib\\list\\src\\linkedList.ts","all":false,"statementMap":{"0":{"start":{"line":1,"column":0},"end":{"line":1,"column":36}},"1":{"start":{"line":2,"column":0},"end":{"line":2,"column":0}},"2":{"start":{"line":3,"column":0},"end":{"line":3,"column":36}},"3":{"start":{"line":4,"column":0},"end":{"line":4,"column":54}},"4":{"start":{"line":5,"column":0},"end":{"line":5,"column":28}},"5":{"start":{"line":6,"column":0},"end":{"line":6,"column":0}},"6":{"start":{"line":7,"column":0},"end":{"line":7,"column":35}},"7":{"start":{"line":8,"column":0},"end":{"line":8,"column":44}},"8":{"start":{"line":9,"column":0},"end":{"line":9,"column":3}},"9":{"start":{"line":10,"column":0},"end":{"line":10,"column":0}},"10":{"start":{"line":11,"column":0},"end":{"line":11,"column":15}},"11":{"start":{"line":12,"column":0},"end":{"line":12,"column":35}},"12":{"start":{"line":13,"column":0},"end":{"line":13,"column":41}},"13":{"start":{"line":14,"column":0},"end":{"line":14,"column":67}},"14":{"start":{"line":15,"column":0},"end":{"line":15,"column":33}},"15":{"start":{"line":16,"column":0},"end":{"line":16,"column":61}},"16":{"start":{"line":17,"column":0},"end":{"line":17,"column":64}},"17":{"start":{"line":18,"column":0},"end":{"line":18,"column":21}},"18":{"start":{"line":19,"column":0},"end":{"line":19,"column":7}},"19":{"start":{"line":20,"column":0},"end":{"line":20,"column":33}},"20":{"start":{"line":21,"column":0},"end":{"line":21,"column":26}},"21":{"start":{"line":22,"column":0},"end":{"line":22,"column":58}},"22":{"start":{"line":23,"column":0},"end":{"line":23,"column":45}},"23":{"start":{"line":24,"column":0},"end":{"line":24,"column":24}},"24":{"start":{"line":25,"column":0},"end":{"line":25,"column":19}},"25":{"start":{"line":26,"column":0},"end":{"line":26,"column":21}},"26":{"start":{"line":27,"column":0},"end":{"line":27,"column":7}},"27":{"start":{"line":28,"column":0},"end":{"line":28,"column":5}},"28":{"start":{"line":29,"column":0},"end":{"line":29,"column":3}},"29":{"start":{"line":30,"column":0},"end":{"line":30,"column":0}},"30":{"start":{"line":31,"column":0},"end":{"line":31,"column":18}},"31":{"start":{"line":32,"column":0},"end":{"line":32,"column":65}},"32":{"start":{"line":33,"column":0},"end":{"line":33,"column":10}},"33":{"start":{"line":34,"column":0},"end":{"line":34,"column":31}},"34":{"start":{"line":35,"column":0},"end":{"line":35,"column":0}},"35":{"start":{"line":36,"column":0},"end":{"line":36,"column":39}},"36":{"start":{"line":37,"column":0},"end":{"line":37,"column":6}},"37":{"start":{"line":38,"column":0},"end":{"line":38,"column":41}},"38":{"start":{"line":39,"column":0},"end":{"line":39,"column":5}},"39":{"start":{"line":40,"column":0},"end":{"line":40,"column":17}},"40":{"start":{"line":41,"column":0},"end":{"line":41,"column":3}},"41":{"start":{"line":42,"column":0},"end":{"line":42,"column":0}},"42":{"start":{"line":43,"column":0},"end":{"line":43,"column":32}},"43":{"start":{"line":44,"column":0},"end":{"line":44,"column":38}},"44":{"start":{"line":45,"column":0},"end":{"line":45,"column":0}},"45":{"start":{"line":46,"column":0},"end":{"line":46,"column":21}},"46":{"start":{"line":47,"column":0},"end":{"line":47,"column":33}},"47":{"start":{"line":48,"column":0},"end":{"line":48,"column":47}},"48":{"start":{"line":49,"column":0},"end":{"line":49,"column":12}},"49":{"start":{"line":50,"column":0},"end":{"line":50,"column":33}},"50":{"start":{"line":51,"column":0},"end":{"line":51,"column":0}},"51":{"start":{"line":52,"column":0},"end":{"line":52,"column":24}},"52":{"start":{"line":53,"column":0},"end":{"line":53,"column":29}},"53":{"start":{"line":54,"column":0},"end":{"line":54,"column":37}},"54":{"start":{"line":55,"column":0},"end":{"line":55,"column":45}},"55":{"start":{"line":56,"column":0},"end":{"line":56,"column":15}},"56":{"start":{"line":57,"column":0},"end":{"line":57,"column":10}},"57":{"start":{"line":58,"column":0},"end":{"line":58,"column":24}},"58":{"start":{"line":59,"column":0},"end":{"line":59,"column":7}},"59":{"start":{"line":60,"column":0},"end":{"line":60,"column":5}},"60":{"start":{"line":61,"column":0},"end":{"line":61,"column":0}},"61":{"start":{"line":62,"column":0},"end":{"line":62,"column":17}},"62":{"start":{"line":63,"column":0},"end":{"line":63,"column":3}},"63":{"start":{"line":64,"column":0},"end":{"line":64,"column":2}},"64":{"start":{"line":65,"column":0},"end":{"line":65,"column":18}},"65":{"start":{"line":66,"column":0},"end":{"line":66,"column":36}},"66":{"start":{"line":67,"column":0},"end":{"line":67,"column":0}},"67":{"start":{"line":68,"column":0},"end":{"line":68,"column":24}},"68":{"start":{"line":69,"column":0},"end":{"line":69,"column":0}},"69":{"start":{"line":70,"column":0},"end":{"line":70,"column":22}},"70":{"start":{"line":71,"column":0},"end":{"line":71,"column":35}},"71":{"start":{"line":72,"column":0},"end":{"line":72,"column":34}},"72":{"start":{"line":73,"column":0},"end":{"line":73,"column":13}},"73":{"start":{"line":74,"column":0},"end":{"line":74,"column":7}},"74":{"start":{"line":75,"column":0},"end":{"line":75,"column":22}},"75":{"start":{"line":76,"column":0},"end":{"line":76,"column":5}},"76":{"start":{"line":77,"column":0},"end":{"line":77,"column":0}},"77":{"start":{"line":78,"column":0},"end":{"line":78,"column":17}},"78":{"start":{"line":79,"column":0},"end":{"line":79,"column":3}},"79":{"start":{"line":80,"column":0},"end":{"line":80,"column":0}},"80":{"start":{"line":81,"column":0},"end":{"line":81,"column":26}},"81":{"start":{"line":82,"column":0},"end":{"line":82,"column":32}},"82":{"start":{"line":83,"column":0},"end":{"line":83,"column":29}},"83":{"start":{"line":84,"column":0},"end":{"line":84,"column":3}},"84":{"start":{"line":85,"column":0},"end":{"line":85,"column":0}},"85":{"start":{"line":86,"column":0},"end":{"line":86,"column":29}},"86":{"start":{"line":87,"column":0},"end":{"line":87,"column":31}},"87":{"start":{"line":88,"column":0},"end":{"line":88,"column":0}},"88":{"start":{"line":89,"column":0},"end":{"line":89,"column":22}},"89":{"start":{"line":90,"column":0},"end":{"line":90,"column":45}},"90":{"start":{"line":91,"column":0},"end":{"line":91,"column":22}},"91":{"start":{"line":92,"column":0},"end":{"line":92,"column":5}},"92":{"start":{"line":93,"column":0},"end":{"line":93,"column":3}},"93":{"start":{"line":94,"column":0},"end":{"line":94,"column":0}},"94":{"start":{"line":95,"column":0},"end":{"line":95,"column":21}},"95":{"start":{"line":96,"column":0},"end":{"line":96,"column":65}},"96":{"start":{"line":97,"column":0},"end":{"line":97,"column":0}},"97":{"start":{"line":98,"column":0},"end":{"line":98,"column":31}},"98":{"start":{"line":99,"column":0},"end":{"line":99,"column":0}},"99":{"start":{"line":100,"column":0},"end":{"line":100,"column":22}},"100":{"start":{"line":101,"column":0},"end":{"line":101,"column":45}},"101":{"start":{"line":102,"column":0},"end":{"line":102,"column":22}},"102":{"start":{"line":103,"column":0},"end":{"line":103,"column":5}},"103":{"start":{"line":104,"column":0},"end":{"line":104,"column":3}},"104":{"start":{"line":105,"column":0},"end":{"line":105,"column":0}},"105":{"start":{"line":106,"column":0},"end":{"line":106,"column":19}},"106":{"start":{"line":107,"column":0},"end":{"line":107,"column":41}},"107":{"start":{"line":108,"column":0},"end":{"line":108,"column":35}},"108":{"start":{"line":109,"column":0},"end":{"line":109,"column":0}},"109":{"start":{"line":110,"column":0},"end":{"line":110,"column":22}},"110":{"start":{"line":111,"column":0},"end":{"line":111,"column":46}},"111":{"start":{"line":112,"column":0},"end":{"line":112,"column":22}},"112":{"start":{"line":113,"column":0},"end":{"line":113,"column":13}},"113":{"start":{"line":114,"column":0},"end":{"line":114,"column":5}},"114":{"start":{"line":115,"column":0},"end":{"line":115,"column":0}},"115":{"start":{"line":116,"column":0},"end":{"line":116,"column":44}},"116":{"start":{"line":117,"column":0},"end":{"line":117,"column":3}},"117":{"start":{"line":118,"column":0},"end":{"line":118,"column":1}},"118":{"start":{"line":119,"column":0},"end":{"line":119,"column":13}},"119":{"start":{"line":120,"column":0},"end":{"line":120,"column":32}},"120":{"start":{"line":121,"column":0},"end":{"line":121,"column":32}},"121":{"start":{"line":122,"column":0},"end":{"line":122,"column":32}},"122":{"start":{"line":123,"column":0},"end":{"line":123,"column":4}},"123":{"start":{"line":124,"column":0},"end":{"line":124,"column":20}},"124":{"start":{"line":125,"column":0},"end":{"line":125,"column":25}},"125":{"start":{"line":126,"column":0},"end":{"line":126,"column":25}},"126":{"start":{"line":127,"column":0},"end":{"line":127,"column":20}},"127":{"start":{"line":128,"column":0},"end":{"line":128,"column":20}},"128":{"start":{"line":129,"column":0},"end":{"line":129,"column":5}},"129":{"start":{"line":130,"column":0},"end":{"line":130,"column":26}},"130":{"start":{"line":131,"column":0},"end":{"line":131,"column":3}},"131":{"start":{"line":132,"column":0},"end":{"line":132,"column":0}},"132":{"start":{"line":133,"column":0},"end":{"line":133,"column":15}},"133":{"start":{"line":134,"column":0},"end":{"line":134,"column":0}},"134":{"start":{"line":135,"column":0},"end":{"line":135,"column":11}},"135":{"start":{"line":136,"column":0},"end":{"line":136,"column":35}},"136":{"start":{"line":137,"column":0},"end":{"line":137,"column":0}},"137":{"start":{"line":138,"column":0},"end":{"line":138,"column":17}},"138":{"start":{"line":139,"column":0},"end":{"line":139,"column":17}},"139":{"start":{"line":140,"column":0},"end":{"line":140,"column":17}},"140":{"start":{"line":141,"column":0},"end":{"line":141,"column":22}},"141":{"start":{"line":142,"column":0},"end":{"line":142,"column":20}},"142":{"start":{"line":143,"column":0},"end":{"line":143,"column":5}},"143":{"start":{"line":144,"column":0},"end":{"line":144,"column":3}},"144":{"start":{"line":145,"column":0},"end":{"line":145,"column":25}},"145":{"start":{"line":146,"column":0},"end":{"line":146,"column":3}},"146":{"start":{"line":147,"column":0},"end":{"line":147,"column":0}},"147":{"start":{"line":148,"column":0},"end":{"line":148,"column":13}},"148":{"start":{"line":149,"column":0},"end":{"line":149,"column":34}},"149":{"start":{"line":150,"column":0},"end":{"line":150,"column":3}},"150":{"start":{"line":151,"column":0},"end":{"line":151,"column":0}},"151":{"start":{"line":152,"column":0},"end":{"line":152,"column":10}},"152":{"start":{"line":153,"column":0},"end":{"line":153,"column":22}},"153":{"start":{"line":154,"column":0},"end":{"line":154,"column":3}},"154":{"start":{"line":155,"column":0},"end":{"line":155,"column":0}},"155":{"start":{"line":156,"column":0},"end":{"line":156,"column":10}},"156":{"start":{"line":157,"column":0},"end":{"line":157,"column":27}},"157":{"start":{"line":158,"column":0},"end":{"line":158,"column":4}},"158":{"start":{"line":159,"column":0},"end":{"line":159,"column":82}},"159":{"start":{"line":160,"column":0},"end":{"line":160,"column":75}},"160":{"start":{"line":161,"column":0},"end":{"line":161,"column":40}},"161":{"start":{"line":162,"column":0},"end":{"line":162,"column":36}},"162":{"start":{"line":163,"column":0},"end":{"line":163,"column":36}},"163":{"start":{"line":164,"column":0},"end":{"line":164,"column":27}},"164":{"start":{"line":165,"column":0},"end":{"line":165,"column":9}},"165":{"start":{"line":166,"column":0},"end":{"line":166,"column":7}},"166":{"start":{"line":167,"column":0},"end":{"line":167,"column":5}},"167":{"start":{"line":168,"column":0},"end":{"line":168,"column":3}},"168":{"start":{"line":169,"column":0},"end":{"line":169,"column":0}},"169":{"start":{"line":170,"column":0},"end":{"line":170,"column":14}},"170":{"start":{"line":171,"column":0},"end":{"line":171,"column":24}},"171":{"start":{"line":172,"column":0},"end":{"line":172,"column":0}},"172":{"start":{"line":173,"column":0},"end":{"line":173,"column":24}},"173":{"start":{"line":174,"column":0},"end":{"line":174,"column":0}},"174":{"start":{"line":175,"column":0},"end":{"line":175,"column":22}},"175":{"start":{"line":176,"column":0},"end":{"line":176,"column":32}},"176":{"start":{"line":177,"column":0},"end":{"line":177,"column":22}},"177":{"start":{"line":178,"column":0},"end":{"line":178,"column":5}},"178":{"start":{"line":179,"column":0},"end":{"line":179,"column":0}},"179":{"start":{"line":180,"column":0},"end":{"line":180,"column":47}},"180":{"start":{"line":181,"column":0},"end":{"line":181,"column":3}},"181":{"start":{"line":182,"column":0},"end":{"line":182,"column":1}}},"s":{"0":1,"1":1,"2":1,"3":1,"4":1,"5":1,"6":1,"7":1,"8":1,"9":1,"10":1,"11":1,"12":1,"13":1,"14":1,"15":0,"16":0,"17":0,"18":0,"19":1,"20":0,"21":0,"22":0,"23":0,"24":0,"25":0,"26":0,"27":0,"28":1,"29":1,"30":1,"31":3,"32":2,"33":2,"34":2,"35":2,"36":2,"37":2,"38":2,"39":3,"40":3,"41":1,"42":1,"43":3,"44":3,"45":3,"46":1,"47":1,"48":3,"49":2,"50":2,"51":2,"52":5,"53":2,"54":2,"55":2,"56":2,"57":3,"58":3,"59":2,"60":3,"61":3,"62":3,"63":1,"64":1,"65":3,"66":3,"67":3,"68":3,"69":3,"70":9,"71":3,"72":3,"73":3,"74":6,"75":6,"76":3,"77":3,"78":3,"79":1,"80":1,"81":3,"82":3,"83":3,"84":1,"85":1,"86":0,"87":0,"88":0,"89":0,"90":0,"91":0,"92":0,"93":1,"94":1,"95":3,"96":3,"97":3,"98":3,"99":3,"100":9,"101":6,"102":6,"103":3,"104":1,"105":1,"106":3,"107":3,"108":3,"109":3,"110":9,"111":6,"112":6,"113":6,"114":0,"115":3,"116":3,"117":1,"118":1,"119":0,"120":0,"121":0,"122":0,"123":0,"124":0,"125":0,"126":0,"127":0,"128":0,"129":0,"130":0,"131":1,"132":1,"133":1,"134":1,"135":0,"136":0,"137":0,"138":0,"139":0,"140":0,"141":0,"142":0,"143":0,"144":0,"145":0,"146":1,"147":1,"148":0,"149":0,"150":1,"151":1,"152":10,"153":10,"154":1,"155":1,"156":1,"157":1,"158":1,"159":2,"160":3,"161":2,"162":2,"163":2,"164":2,"165":3,"166":2,"167":1,"168":1,"169":1,"170":0,"171":0,"172":0,"173":0,"174":0,"175":0,"176":0,"177":0,"178":0,"179":0,"180":0,"181":1},"branchMap":{"0":{"type":"branch","line":14,"loc":{"start":{"line":14,"column":2},"end":{"line":29,"column":3}},"locations":[{"start":{"line":14,"column":2},"end":{"line":29,"column":3}}]},"1":{"type":"branch","line":15,"loc":{"start":{"line":15,"column":32},"end":{"line":20,"column":14}},"locations":[{"start":{"line":15,"column":32},"end":{"line":20,"column":14}}]},"2":{"type":"branch","line":20,"loc":{"start":{"line":20,"column":32},"end":{"line":28,"column":5}},"locations":[{"start":{"line":20,"column":32},"end":{"line":28,"column":5}}]},"3":{"type":"branch","line":31,"loc":{"start":{"line":31,"column":2},"end":{"line":41,"column":3}},"locations":[{"start":{"line":31,"column":2},"end":{"line":41,"column":3}}]},"4":{"type":"branch","line":32,"loc":{"start":{"line":32,"column":24},"end":{"line":32,"column":65}},"locations":[{"start":{"line":32,"column":24},"end":{"line":32,"column":65}}]},"5":{"type":"branch","line":32,"loc":{"start":{"line":32,"column":64},"end":{"line":39,"column":5}},"locations":[{"start":{"line":32,"column":64},"end":{"line":39,"column":5}}]},"6":{"type":"branch","line":36,"loc":{"start":{"line":36,"column":23},"end":{"line":36,"column":39}},"locations":[{"start":{"line":36,"column":23},"end":{"line":36,"column":39}}]},"7":{"type":"branch","line":43,"loc":{"start":{"line":43,"column":2},"end":{"line":63,"column":3}},"locations":[{"start":{"line":43,"column":2},"end":{"line":63,"column":3}}]},"8":{"type":"branch","line":44,"loc":{"start":{"line":44,"column":30},"end":{"line":44,"column":38}},"locations":[{"start":{"line":44,"column":30},"end":{"line":44,"column":38}}]},"9":{"type":"branch","line":46,"loc":{"start":{"line":46,"column":20},"end":{"line":49,"column":11}},"locations":[{"start":{"line":46,"column":20},"end":{"line":49,"column":11}}]},"10":{"type":"branch","line":49,"loc":{"start":{"line":49,"column":4},"end":{"line":60,"column":5}},"locations":[{"start":{"line":49,"column":4},"end":{"line":60,"column":5}}]},"11":{"type":"branch","line":52,"loc":{"start":{"line":52,"column":23},"end":{"line":59,"column":7}},"locations":[{"start":{"line":52,"column":23},"end":{"line":59,"column":7}}]},"12":{"type":"branch","line":53,"loc":{"start":{"line":53,"column":28},"end":{"line":57,"column":10}},"locations":[{"start":{"line":53,"column":28},"end":{"line":57,"column":10}}]},"13":{"type":"branch","line":57,"loc":{"start":{"line":57,"column":8},"end":{"line":59,"column":7}},"locations":[{"start":{"line":57,"column":8},"end":{"line":59,"column":7}}]},"14":{"type":"branch","line":65,"loc":{"start":{"line":65,"column":2},"end":{"line":79,"column":3}},"locations":[{"start":{"line":65,"column":2},"end":{"line":79,"column":3}}]},"15":{"type":"branch","line":66,"loc":{"start":{"line":66,"column":34},"end":{"line":66,"column":36}},"locations":[{"start":{"line":66,"column":34},"end":{"line":66,"column":36}}]},"16":{"type":"branch","line":70,"loc":{"start":{"line":70,"column":21},"end":{"line":76,"column":5}},"locations":[{"start":{"line":70,"column":21},"end":{"line":76,"column":5}}]},"17":{"type":"branch","line":71,"loc":{"start":{"line":71,"column":34},"end":{"line":74,"column":7}},"locations":[{"start":{"line":71,"column":34},"end":{"line":74,"column":7}}]},"18":{"type":"branch","line":74,"loc":{"start":{"line":74,"column":6},"end":{"line":76,"column":5}},"locations":[{"start":{"line":74,"column":6},"end":{"line":76,"column":5}}]},"19":{"type":"branch","line":81,"loc":{"start":{"line":81,"column":2},"end":{"line":84,"column":3}},"locations":[{"start":{"line":81,"column":2},"end":{"line":84,"column":3}}]},"20":{"type":"branch","line":95,"loc":{"start":{"line":95,"column":2},"end":{"line":104,"column":3}},"locations":[{"start":{"line":95,"column":2},"end":{"line":104,"column":3}}]},"21":{"type":"branch","line":96,"loc":{"start":{"line":96,"column":63},"end":{"line":96,"column":65}},"locations":[{"start":{"line":96,"column":63},"end":{"line":96,"column":65}}]},"22":{"type":"branch","line":100,"loc":{"start":{"line":100,"column":21},"end":{"line":103,"column":5}},"locations":[{"start":{"line":100,"column":21},"end":{"line":103,"column":5}}]},"23":{"type":"branch","line":101,"loc":{"start":{"line":101,"column":24},"end":{"line":101,"column":45}},"locations":[{"start":{"line":101,"column":24},"end":{"line":101,"column":45}}]},"24":{"type":"branch","line":101,"loc":{"start":{"line":101,"column":41},"end":{"line":103,"column":5}},"locations":[{"start":{"line":101,"column":41},"end":{"line":103,"column":5}}]},"25":{"type":"branch","line":106,"loc":{"start":{"line":106,"column":2},"end":{"line":117,"column":3}},"locations":[{"start":{"line":106,"column":2},"end":{"line":117,"column":3}}]},"26":{"type":"branch","line":107,"loc":{"start":{"line":107,"column":32},"end":{"line":107,"column":41}},"locations":[{"start":{"line":107,"column":32},"end":{"line":107,"column":41}}]},"27":{"type":"branch","line":110,"loc":{"start":{"line":110,"column":21},"end":{"line":114,"column":5}},"locations":[{"start":{"line":110,"column":21},"end":{"line":114,"column":5}}]},"28":{"type":"branch","line":111,"loc":{"start":{"line":111,"column":34},"end":{"line":111,"column":46}},"locations":[{"start":{"line":111,"column":34},"end":{"line":111,"column":46}}]},"29":{"type":"branch","line":111,"loc":{"start":{"line":111,"column":41},"end":{"line":114,"column":5}},"locations":[{"start":{"line":111,"column":41},"end":{"line":114,"column":5}}]},"30":{"type":"branch","line":114,"loc":{"start":{"line":114,"column":4},"end":{"line":116,"column":39}},"locations":[{"start":{"line":114,"column":4},"end":{"line":116,"column":39}}]},"31":{"type":"branch","line":116,"loc":{"start":{"line":116,"column":34},"end":{"line":116,"column":44}},"locations":[{"start":{"line":116,"column":34},"end":{"line":116,"column":44}}]},"32":{"type":"branch","line":152,"loc":{"start":{"line":152,"column":2},"end":{"line":154,"column":3}},"locations":[{"start":{"line":152,"column":2},"end":{"line":154,"column":3}}]},"33":{"type":"branch","line":156,"loc":{"start":{"line":156,"column":2},"end":{"line":168,"column":3}},"locations":[{"start":{"line":156,"column":2},"end":{"line":168,"column":3}}]},"34":{"type":"branch","line":159,"loc":{"start":{"line":159,"column":81},"end":{"line":167,"column":5}},"locations":[{"start":{"line":159,"column":81},"end":{"line":167,"column":5}}]},"35":{"type":"branch","line":160,"loc":{"start":{"line":160,"column":62},"end":{"line":160,"column":74}},"locations":[{"start":{"line":160,"column":62},"end":{"line":160,"column":74}}]},"36":{"type":"branch","line":160,"loc":{"start":{"line":160,"column":74},"end":{"line":166,"column":7}},"locations":[{"start":{"line":160,"column":74},"end":{"line":166,"column":7}}]},"37":{"type":"branch","line":161,"loc":{"start":{"line":161,"column":39},"end":{"line":165,"column":9}},"locations":[{"start":{"line":161,"column":39},"end":{"line":165,"column":9}}]}},"b":{"0":[1],"1":[0],"2":[0],"3":[3],"4":[1],"5":[2],"6":[1],"7":[3],"8":[0],"9":[1],"10":[2],"11":[5],"12":[2],"13":[3],"14":[3],"15":[0],"16":[9],"17":[3],"18":[6],"19":[3],"20":[3],"21":[0],"22":[9],"23":[3],"24":[6],"25":[3],"26":[0],"27":[9],"28":[3],"29":[6],"30":[0],"31":[0],"32":[10],"33":[1],"34":[2],"35":[3],"36":[3],"37":[2]},"fnMap":{"0":{"name":"LinkedList","decl":{"start":{"line":14,"column":2},"end":{"line":29,"column":3}},"loc":{"start":{"line":14,"column":2},"end":{"line":29,"column":3}},"line":14},"1":{"name":"append","decl":{"start":{"line":31,"column":2},"end":{"line":41,"column":3}},"loc":{"start":{"line":31,"column":2},"end":{"line":41,"column":3}},"line":31},"2":{"name":"insert","decl":{"start":{"line":43,"column":2},"end":{"line":63,"column":3}},"loc":{"start":{"line":43,"column":2},"end":{"line":63,"column":3}},"line":43},"3":{"name":"remove","decl":{"start":{"line":65,"column":2},"end":{"line":79,"column":3}},"loc":{"start":{"line":65,"column":2},"end":{"line":79,"column":3}},"line":65},"4":{"name":"removeAt","decl":{"start":{"line":81,"column":2},"end":{"line":84,"column":3}},"loc":{"start":{"line":81,"column":2},"end":{"line":84,"column":3}},"line":81},"5":{"name":"set","decl":{"start":{"line":86,"column":2},"end":{"line":93,"column":3}},"loc":{"start":{"line":86,"column":2},"end":{"line":93,"column":3}},"line":86},"6":{"name":"get","decl":{"start":{"line":95,"column":2},"end":{"line":104,"column":3}},"loc":{"start":{"line":95,"column":2},"end":{"line":104,"column":3}},"line":95},"7":{"name":"indexOf","decl":{"start":{"line":106,"column":2},"end":{"line":117,"column":3}},"loc":{"start":{"line":106,"column":2},"end":{"line":117,"column":3}},"line":106},"8":{"name":"reverse","decl":{"start":{"line":119,"column":2},"end":{"line":131,"column":3}},"loc":{"start":{"line":119,"column":2},"end":{"line":131,"column":3}},"line":119},"9":{"name":"traverse","decl":{"start":{"line":133,"column":2},"end":{"line":133,"column":15}},"loc":{"start":{"line":133,"column":2},"end":{"line":133,"column":15}},"line":133},"10":{"name":"clear","decl":{"start":{"line":135,"column":2},"end":{"line":146,"column":3}},"loc":{"start":{"line":135,"column":2},"end":{"line":146,"column":3}},"line":135},"11":{"name":"isEmpty","decl":{"start":{"line":148,"column":2},"end":{"line":150,"column":3}},"loc":{"start":{"line":148,"column":2},"end":{"line":150,"column":3}},"line":148},"12":{"name":"size","decl":{"start":{"line":152,"column":2},"end":{"line":154,"column":3}},"loc":{"start":{"line":152,"column":2},"end":{"line":154,"column":3}},"line":152},"13":{"name":"sort","decl":{"start":{"line":156,"column":2},"end":{"line":168,"column":3}},"loc":{"start":{"line":156,"column":2},"end":{"line":168,"column":3}},"line":156},"14":{"name":"toString","decl":{"start":{"line":170,"column":2},"end":{"line":181,"column":3}},"loc":{"start":{"line":170,"column":2},"end":{"line":181,"column":3}},"line":170}},"f":{"0":1,"1":3,"2":3,"3":3,"4":3,"5":0,"6":3,"7":3,"8":0,"9":0,"10":0,"11":0,"12":10,"13":1,"14":0}}
,"D:\\workspace\\repository\\es-collections\\lib\\list\\src\\priorityQueue.ts": {"path":"D:\\workspace\\repository\\es-collections\\lib\\list\\src\\priorityQueue.ts","all":true,"statementMap":{"0":{"start":{"line":1,"column":0},"end":{"line":1,"column":39}},"1":{"start":{"line":2,"column":0},"end":{"line":2,"column":34}},"2":{"start":{"line":3,"column":0},"end":{"line":3,"column":0}},"3":{"start":{"line":4,"column":0},"end":{"line":4,"column":60}},"4":{"start":{"line":5,"column":0},"end":{"line":5,"column":78}},"5":{"start":{"line":6,"column":0},"end":{"line":6,"column":0}},"6":{"start":{"line":7,"column":0},"end":{"line":7,"column":54}},"7":{"start":{"line":8,"column":0},"end":{"line":8,"column":55}},"8":{"start":{"line":9,"column":0},"end":{"line":9,"column":3}},"9":{"start":{"line":10,"column":0},"end":{"line":10,"column":0}},"10":{"start":{"line":11,"column":0},"end":{"line":11,"column":13}},"11":{"start":{"line":12,"column":0},"end":{"line":12,"column":33}},"12":{"start":{"line":13,"column":0},"end":{"line":13,"column":3}},"13":{"start":{"line":14,"column":0},"end":{"line":14,"column":0}},"14":{"start":{"line":15,"column":0},"end":{"line":15,"column":11}},"15":{"start":{"line":16,"column":0},"end":{"line":16,"column":27}},"16":{"start":{"line":17,"column":0},"end":{"line":17,"column":3}},"17":{"start":{"line":18,"column":0},"end":{"line":18,"column":0}},"18":{"start":{"line":19,"column":0},"end":{"line":19,"column":13}},"19":{"start":{"line":20,"column":0},"end":{"line":20,"column":34}},"20":{"start":{"line":21,"column":0},"end":{"line":21,"column":3}},"21":{"start":{"line":22,"column":0},"end":{"line":22,"column":0}},"22":{"start":{"line":23,"column":0},"end":{"line":23,"column":10}},"23":{"start":{"line":24,"column":0},"end":{"line":24,"column":28}},"24":{"start":{"line":25,"column":0},"end":{"line":25,"column":3}},"25":{"start":{"line":26,"column":0},"end":{"line":26,"column":0}},"26":{"start":{"line":27,"column":0},"end":{"line":27,"column":14}},"27":{"start":{"line":28,"column":0},"end":{"line":28,"column":93}},"28":{"start":{"line":29,"column":0},"end":{"line":29,"column":3}},"29":{"start":{"line":30,"column":0},"end":{"line":30,"column":1}}},"s":{"0":0,"1":0,"2":0,"3":0,"4":0,"5":0,"6":0,"7":0,"8":0,"9":0,"10":0,"11":0,"12":0,"13":0,"14":0,"15":0,"16":0,"17":0,"18":0,"19":0,"20":0,"21":0,"22":0,"23":0,"24":0,"25":0,"26":0,"27":0,"28":0,"29":0},"branchMap":{"0":{"type":"branch","line":1,"loc":{"start":{"line":1,"column":673},"end":{"line":30,"column":1}},"locations":[{"start":{"line":1,"column":673},"end":{"line":30,"column":1}}]}},"b":{"0":[0]},"fnMap":{"0":{"name":"(empty-report)","decl":{"start":{"line":1,"column":673},"end":{"line":30,"column":1}},"loc":{"start":{"line":1,"column":673},"end":{"line":30,"column":1}},"line":1}},"f":{"0":0}}
,"D:\\workspace\\repository\\es-collections\\lib\\list\\src\\queue.ts": {"path":"D:\\workspace\\repository\\es-collections\\lib\\list\\src\\queue.ts","all":false,"statementMap":{"0":{"start":{"line":1,"column":0},"end":{"line":1,"column":31}},"1":{"start":{"line":2,"column":0},"end":{"line":2,"column":24}},"2":{"start":{"line":3,"column":0},"end":{"line":3,"column":19}},"3":{"start":{"line":4,"column":0},"end":{"line":4,"column":18}},"4":{"start":{"line":5,"column":0},"end":{"line":5,"column":0}},"5":{"start":{"line":6,"column":0},"end":{"line":6,"column":60}},"6":{"start":{"line":7,"column":0},"end":{"line":7,"column":0}},"7":{"start":{"line":8,"column":0},"end":{"line":8,"column":19}},"8":{"start":{"line":9,"column":0},"end":{"line":9,"column":39}},"9":{"start":{"line":10,"column":0},"end":{"line":10,"column":32}},"10":{"start":{"line":11,"column":0},"end":{"line":11,"column":42}},"11":{"start":{"line":12,"column":0},"end":{"line":12,"column":3}},"12":{"start":{"line":13,"column":0},"end":{"line":13,"column":2}},"13":{"start":{"line":14,"column":0},"end":{"line":14,"column":13}},"14":{"start":{"line":15,"column":0},"end":{"line":15,"column":42}},"15":{"start":{"line":16,"column":0},"end":{"line":16,"column":39}},"16":{"start":{"line":17,"column":0},"end":{"line":17,"column":44}},"17":{"start":{"line":18,"column":0},"end":{"line":18,"column":15}},"18":{"start":{"line":19,"column":0},"end":{"line":19,"column":3}},"19":{"start":{"line":20,"column":0},"end":{"line":20,"column":0}},"20":{"start":{"line":21,"column":0},"end":{"line":21,"column":11}},"21":{"start":{"line":22,"column":0},"end":{"line":22,"column":24}},"22":{"start":{"line":23,"column":0},"end":{"line":23,"column":3}},"23":{"start":{"line":24,"column":0},"end":{"line":24,"column":0}},"24":{"start":{"line":25,"column":0},"end":{"line":25,"column":10}},"25":{"start":{"line":26,"column":0},"end":{"line":26,"column":42}},"26":{"start":{"line":27,"column":0},"end":{"line":27,"column":3}},"27":{"start":{"line":28,"column":0},"end":{"line":28,"column":0}},"28":{"start":{"line":29,"column":0},"end":{"line":29,"column":13}},"29":{"start":{"line":30,"column":0},"end":{"line":30,"column":46}},"30":{"start":{"line":31,"column":0},"end":{"line":31,"column":3}},"31":{"start":{"line":32,"column":0},"end":{"line":32,"column":0}},"32":{"start":{"line":33,"column":0},"end":{"line":33,"column":12}},"33":{"start":{"line":34,"column":0},"end":{"line":34,"column":52}},"34":{"start":{"line":35,"column":0},"end":{"line":35,"column":3}},"35":{"start":{"line":36,"column":0},"end":{"line":36,"column":0}},"36":{"start":{"line":37,"column":0},"end":{"line":37,"column":10}},"37":{"start":{"line":38,"column":0},"end":{"line":38,"column":28}},"38":{"start":{"line":39,"column":0},"end":{"line":39,"column":3}},"39":{"start":{"line":40,"column":0},"end":{"line":40,"column":0}},"40":{"start":{"line":41,"column":0},"end":{"line":41,"column":14}},"41":{"start":{"line":42,"column":0},"end":{"line":42,"column":47}},"42":{"start":{"line":43,"column":0},"end":{"line":43,"column":3}},"43":{"start":{"line":44,"column":0},"end":{"line":44,"column":1}}},"s":{"0":1,"1":1,"2":1,"3":1,"4":1,"5":1,"6":1,"7":1,"8":3,"9":3,"10":3,"11":3,"12":1,"13":1,"14":0,"15":0,"16":0,"17":0,"18":0,"19":1,"20":1,"21":0,"22":0,"23":1,"24":1,"25":0,"26":0,"27":1,"28":1,"29":0,"30":0,"31":1,"32":1,"33":3,"34":3,"35":1,"36":1,"37":0,"38":0,"39":1,"40":1,"41":0,"42":0,"43":1},"branchMap":{"0":{"type":"branch","line":6,"loc":{"start":{"line":6,"column":2},"end":{"line":6,"column":60}},"locations":[{"start":{"line":6,"column":2},"end":{"line":6,"column":60}}]},"1":{"type":"branch","line":8,"loc":{"start":{"line":8,"column":2},"end":{"line":12,"column":3}},"locations":[{"start":{"line":8,"column":2},"end":{"line":12,"column":3}}]},"2":{"type":"branch","line":9,"loc":{"start":{"line":9,"column":22},"end":{"line":9,"column":39}},"locations":[{"start":{"line":9,"column":22},"end":{"line":9,"column":39}}]},"3":{"type":"branch","line":33,"loc":{"start":{"line":33,"column":2},"end":{"line":35,"column":3}},"locations":[{"start":{"line":33,"column":2},"end":{"line":35,"column":3}}]}},"b":{"0":[1],"1":[3],"2":[0],"3":[3]},"fnMap":{"0":{"name":"Queue","decl":{"start":{"line":6,"column":2},"end":{"line":6,"column":60}},"loc":{"start":{"line":6,"column":2},"end":{"line":6,"column":60}},"line":6},"1":{"name":"enqueue","decl":{"start":{"line":8,"column":2},"end":{"line":12,"column":3}},"loc":{"start":{"line":8,"column":2},"end":{"line":12,"column":3}},"line":8},"2":{"name":"dequeue","decl":{"start":{"line":14,"column":2},"end":{"line":19,"column":3}},"loc":{"start":{"line":14,"column":2},"end":{"line":19,"column":3}},"line":14},"3":{"name":"first","decl":{"start":{"line":21,"column":2},"end":{"line":23,"column":3}},"loc":{"start":{"line":21,"column":2},"end":{"line":23,"column":3}},"line":21},"4":{"name":"last","decl":{"start":{"line":25,"column":2},"end":{"line":27,"column":3}},"loc":{"start":{"line":25,"column":2},"end":{"line":27,"column":3}},"line":25},"5":{"name":"isEmpty","decl":{"start":{"line":29,"column":2},"end":{"line":31,"column":3}},"loc":{"start":{"line":29,"column":2},"end":{"line":31,"column":3}},"line":29},"6":{"name":"isFull","decl":{"start":{"line":33,"column":2},"end":{"line":35,"column":3}},"loc":{"start":{"line":33,"column":2},"end":{"line":35,"column":3}},"line":33},"7":{"name":"size","decl":{"start":{"line":37,"column":2},"end":{"line":39,"column":3}},"loc":{"start":{"line":37,"column":2},"end":{"line":39,"column":3}},"line":37},"8":{"name":"toString","decl":{"start":{"line":41,"column":2},"end":{"line":43,"column":3}},"loc":{"start":{"line":41,"column":2},"end":{"line":43,"column":3}},"line":41}},"f":{"0":1,"1":3,"2":0,"3":0,"4":0,"5":0,"6":3,"7":0,"8":0}}
,"D:\\workspace\\repository\\es-collections\\lib\\list\\src\\sparseArray.ts": {"path":"D:\\workspace\\repository\\es-collections\\lib\\list\\src\\sparseArray.ts","all":false,"statementMap":{"0":{"start":{"line":1,"column":0},"end":{"line":1,"column":46}},"1":{"start":{"line":2,"column":0},"end":{"line":2,"column":0}},"2":{"start":{"line":3,"column":0},"end":{"line":3,"column":37}},"3":{"start":{"line":4,"column":0},"end":{"line":4,"column":58}},"4":{"start":{"line":5,"column":0},"end":{"line":5,"column":0}},"5":{"start":{"line":6,"column":0},"end":{"line":6,"column":15}},"6":{"start":{"line":7,"column":0},"end":{"line":7,"column":41}},"7":{"start":{"line":8,"column":0},"end":{"line":8,"column":44}},"8":{"start":{"line":9,"column":0},"end":{"line":9,"column":21}},"9":{"start":{"line":10,"column":0},"end":{"line":10,"column":4}},"10":{"start":{"line":11,"column":0},"end":{"line":11,"column":37}},"11":{"start":{"line":12,"column":0},"end":{"line":12,"column":0}},"12":{"start":{"line":13,"column":0},"end":{"line":13,"column":31}},"13":{"start":{"line":14,"column":0},"end":{"line":14,"column":15}},"14":{"start":{"line":15,"column":0},"end":{"line":15,"column":12}},"15":{"start":{"line":16,"column":0},"end":{"line":16,"column":32}},"16":{"start":{"line":17,"column":0},"end":{"line":17,"column":14}},"17":{"start":{"line":18,"column":0},"end":{"line":18,"column":23}},"18":{"start":{"line":19,"column":0},"end":{"line":19,"column":17}},"19":{"start":{"line":20,"column":0},"end":{"line":20,"column":48}},"20":{"start":{"line":21,"column":0},"end":{"line":21,"column":9}},"21":{"start":{"line":22,"column":0},"end":{"line":22,"column":7}},"22":{"start":{"line":23,"column":0},"end":{"line":23,"column":5}},"23":{"start":{"line":24,"column":0},"end":{"line":24,"column":0}},"24":{"start":{"line":25,"column":0},"end":{"line":25,"column":27}},"25":{"start":{"line":26,"column":0},"end":{"line":26,"column":27}},"26":{"start":{"line":27,"column":0},"end":{"line":27,"column":28}},"27":{"start":{"line":28,"column":0},"end":{"line":28,"column":3}},"28":{"start":{"line":29,"column":0},"end":{"line":29,"column":0}},"29":{"start":{"line":30,"column":0},"end":{"line":30,"column":15}},"30":{"start":{"line":31,"column":0},"end":{"line":31,"column":21}},"31":{"start":{"line":32,"column":0},"end":{"line":32,"column":3}},"32":{"start":{"line":33,"column":0},"end":{"line":33,"column":0}},"33":{"start":{"line":34,"column":0},"end":{"line":34,"column":13}},"34":{"start":{"line":35,"column":0},"end":{"line":35,"column":33}},"35":{"start":{"line":36,"column":0},"end":{"line":36,"column":33}},"36":{"start":{"line":37,"column":0},"end":{"line":37,"column":0}},"37":{"start":{"line":38,"column":0},"end":{"line":38,"column":53}},"38":{"start":{"line":39,"column":0},"end":{"line":39,"column":0}},"39":{"start":{"line":40,"column":0},"end":{"line":40,"column":55}},"40":{"start":{"line":41,"column":0},"end":{"line":41,"column":35}},"41":{"start":{"line":42,"column":0},"end":{"line":42,"column":5}},"42":{"start":{"line":43,"column":0},"end":{"line":43,"column":0}},"43":{"start":{"line":44,"column":0},"end":{"line":44,"column":16}},"44":{"start":{"line":45,"column":0},"end":{"line":45,"column":3}},"45":{"start":{"line":46,"column":0},"end":{"line":46,"column":1}}},"s":{"0":1,"1":1,"2":1,"3":1,"4":1,"5":1,"6":1,"7":1,"8":1,"9":1,"10":1,"11":1,"12":1,"13":6,"14":6,"15":6,"16":42,"17":42,"18":5,"19":5,"20":5,"21":42,"22":6,"23":1,"24":1,"25":1,"26":1,"27":1,"28":1,"29":1,"30":0,"31":0,"32":1,"33":1,"34":0,"35":0,"36":0,"37":0,"38":0,"39":0,"40":0,"41":0,"42":0,"43":0,"44":0,"45":1},"branchMap":{"0":{"type":"branch","line":8,"loc":{"start":{"line":8,"column":2},"end":{"line":28,"column":3}},"locations":[{"start":{"line":8,"column":2},"end":{"line":28,"column":3}}]},"1":{"type":"branch","line":9,"loc":{"start":{"line":9,"column":14},"end":{"line":9,"column":21}},"locations":[{"start":{"line":9,"column":14},"end":{"line":9,"column":21}}]},"2":{"type":"branch","line":13,"loc":{"start":{"line":13,"column":30},"end":{"line":23,"column":5}},"locations":[{"start":{"line":13,"column":30},"end":{"line":23,"column":5}}]},"3":{"type":"branch","line":16,"loc":{"start":{"line":16,"column":31},"end":{"line":22,"column":7}},"locations":[{"start":{"line":16,"column":31},"end":{"line":22,"column":7}}]},"4":{"type":"branch","line":18,"loc":{"start":{"line":18,"column":22},"end":{"line":21,"column":9}},"locations":[{"start":{"line":18,"column":22},"end":{"line":21,"column":9}}]}},"b":{"0":[1],"1":[0],"2":[6],"3":[42],"4":[5]},"fnMap":{"0":{"name":"SparseArray","decl":{"start":{"line":8,"column":2},"end":{"line":28,"column":3}},"loc":{"start":{"line":8,"column":2},"end":{"line":28,"column":3}},"line":8},"1":{"name":"get value","decl":{"start":{"line":30,"column":2},"end":{"line":32,"column":3}},"loc":{"start":{"line":30,"column":2},"end":{"line":32,"column":3}},"line":30},"2":{"name":"get raw","decl":{"start":{"line":34,"column":2},"end":{"line":45,"column":3}},"loc":{"start":{"line":34,"column":2},"end":{"line":45,"column":3}},"line":34}},"f":{"0":1,"1":0,"2":0}}
,"D:\\workspace\\repository\\es-collections\\lib\\list\\src\\stack.ts": {"path":"D:\\workspace\\repository\\es-collections\\lib\\list\\src\\stack.ts","all":false,"statementMap":{"0":{"start":{"line":1,"column":0},"end":{"line":1,"column":36}},"1":{"start":{"line":2,"column":0},"end":{"line":2,"column":0}},"2":{"start":{"line":3,"column":0},"end":{"line":3,"column":31}},"3":{"start":{"line":4,"column":0},"end":{"line":4,"column":52}},"4":{"start":{"line":5,"column":0},"end":{"line":5,"column":20}},"5":{"start":{"line":6,"column":0},"end":{"line":6,"column":0}},"6":{"start":{"line":7,"column":0},"end":{"line":7,"column":15}},"7":{"start":{"line":8,"column":0},"end":{"line":8,"column":31}},"8":{"start":{"line":9,"column":0},"end":{"line":9,"column":42}},"9":{"start":{"line":10,"column":0},"end":{"line":10,"column":64}},"10":{"start":{"line":11,"column":0},"end":{"line":11,"column":0}},"11":{"start":{"line":12,"column":0},"end":{"line":12,"column":16}},"12":{"start":{"line":13,"column":0},"end":{"line":13,"column":53}},"13":{"start":{"line":14,"column":0},"end":{"line":14,"column":17}},"14":{"start":{"line":15,"column":0},"end":{"line":15,"column":3}},"15":{"start":{"line":16,"column":0},"end":{"line":16,"column":0}},"16":{"start":{"line":17,"column":0},"end":{"line":17,"column":9}},"17":{"start":{"line":18,"column":0},"end":{"line":18,"column":29}},"18":{"start":{"line":19,"column":0},"end":{"line":19,"column":38}},"19":{"start":{"line":20,"column":0},"end":{"line":20,"column":17}},"20":{"start":{"line":21,"column":0},"end":{"line":21,"column":3}},"21":{"start":{"line":22,"column":0},"end":{"line":22,"column":0}},"22":{"start":{"line":23,"column":0},"end":{"line":23,"column":10}},"23":{"start":{"line":24,"column":0},"end":{"line":24,"column":30}},"24":{"start":{"line":25,"column":0},"end":{"line":25,"column":3}},"25":{"start":{"line":26,"column":0},"end":{"line":26,"column":0}},"26":{"start":{"line":27,"column":0},"end":{"line":27,"column":11}},"27":{"start":{"line":28,"column":0},"end":{"line":28,"column":29}},"28":{"start":{"line":29,"column":0},"end":{"line":29,"column":4}},"29":{"start":{"line":30,"column":0},"end":{"line":30,"column":3}},"30":{"start":{"line":31,"column":0},"end":{"line":31,"column":0}},"31":{"start":{"line":32,"column":0},"end":{"line":32,"column":13}},"32":{"start":{"line":33,"column":0},"end":{"line":33,"column":33}},"33":{"start":{"line":34,"column":0},"end":{"line":34,"column":3}},"34":{"start":{"line":35,"column":0},"end":{"line":35,"column":0}},"35":{"start":{"line":36,"column":0},"end":{"line":36,"column":10}},"36":{"start":{"line":37,"column":0},"end":{"line":37,"column":22}},"37":{"start":{"line":38,"column":0},"end":{"line":38,"column":3}},"38":{"start":{"line":39,"column":0},"end":{"line":39,"column":0}},"39":{"start":{"line":40,"column":0},"end":{"line":40,"column":14}},"40":{"start":{"line":41,"column":0},"end":{"line":41,"column":25}},"41":{"start":{"line":42,"column":0},"end":{"line":42,"column":28}},"42":{"start":{"line":43,"column":0},"end":{"line":43,"column":0}},"43":{"start":{"line":44,"column":0},"end":{"line":44,"column":17}},"44":{"start":{"line":45,"column":0},"end":{"line":45,"column":30}},"45":{"start":{"line":46,"column":0},"end":{"line":46,"column":22}},"46":{"start":{"line":47,"column":0},"end":{"line":47,"column":5}},"47":{"start":{"line":48,"column":0},"end":{"line":48,"column":0}},"48":{"start":{"line":49,"column":0},"end":{"line":49,"column":42}},"49":{"start":{"line":50,"column":0},"end":{"line":50,"column":3}},"50":{"start":{"line":51,"column":0},"end":{"line":51,"column":1}}},"s":{"0":1,"1":1,"2":1,"3":1,"4":1,"5":1,"6":1,"7":1,"8":1,"9":1,"10":1,"11":1,"12":3,"13":3,"14":3,"15":1,"16":1,"17":1,"18":1,"19":1,"20":1,"21":1,"22":1,"23":0,"24":0,"25":1,"26":1,"27":0,"28":0,"29":0,"30":1,"31":1,"32":0,"33":0,"34":1,"35":1,"36":0,"37":0,"38":1,"39":1,"40":2,"41":2,"42":2,"43":2,"44":5,"45":5,"46":5,"47":2,"48":2,"49":2,"50":1},"branchMap":{"0":{"type":"branch","line":10,"loc":{"start":{"line":10,"column":2},"end":{"line":10,"column":64}},"locations":[{"start":{"line":10,"column":2},"end":{"line":10,"column":64}}]},"1":{"type":"branch","line":12,"loc":{"start":{"line":12,"column":2},"end":{"line":15,"column":3}},"locations":[{"start":{"line":12,"column":2},"end":{"line":15,"column":3}}]},"2":{"type":"branch","line":17,"loc":{"start":{"line":17,"column":2},"end":{"line":21,"column":3}},"locations":[{"start":{"line":17,"column":2},"end":{"line":21,"column":3}}]},"3":{"type":"branch","line":18,"loc":{"start":{"line":18,"column":23},"end":{"line":18,"column":29}},"locations":[{"start":{"line":18,"column":23},"end":{"line":18,"column":29}}]},"4":{"type":"branch","line":40,"loc":{"start":{"line":40,"column":2},"end":{"line":50,"column":3}},"locations":[{"start":{"line":40,"column":2},"end":{"line":50,"column":3}}]},"5":{"type":"branch","line":44,"loc":{"start":{"line":44,"column":16},"end":{"line":47,"column":5}},"locations":[{"start":{"line":44,"column":16},"end":{"line":47,"column":5}}]}},"b":{"0":[1],"1":[3],"2":[1],"3":[0],"4":[2],"5":[5]},"fnMap":{"0":{"name":"Stack","decl":{"start":{"line":10,"column":2},"end":{"line":10,"column":64}},"loc":{"start":{"line":10,"column":2},"end":{"line":10,"column":64}},"line":10},"1":{"name":"push","decl":{"start":{"line":12,"column":2},"end":{"line":15,"column":3}},"loc":{"start":{"line":12,"column":2},"end":{"line":15,"column":3}},"line":12},"2":{"name":"pop","decl":{"start":{"line":17,"column":2},"end":{"line":21,"column":3}},"loc":{"start":{"line":17,"column":2},"end":{"line":21,"column":3}},"line":17},"3":{"name":"peek","decl":{"start":{"line":23,"column":2},"end":{"line":25,"column":3}},"loc":{"start":{"line":23,"column":2},"end":{"line":25,"column":3}},"line":23},"4":{"name":"clear","decl":{"start":{"line":27,"column":2},"end":{"line":30,"column":3}},"loc":{"start":{"line":27,"column":2},"end":{"line":30,"column":3}},"line":27},"5":{"name":"isEmpty","decl":{"start":{"line":32,"column":2},"end":{"line":34,"column":3}},"loc":{"start":{"line":32,"column":2},"end":{"line":34,"column":3}},"line":32},"6":{"name":"size","decl":{"start":{"line":36,"column":2},"end":{"line":38,"column":3}},"loc":{"start":{"line":36,"column":2},"end":{"line":38,"column":3}},"line":36},"7":{"name":"toString","decl":{"start":{"line":40,"column":2},"end":{"line":50,"column":3}},"loc":{"start":{"line":40,"column":2},"end":{"line":50,"column":3}},"line":40}},"f":{"0":1,"1":3,"2":1,"3":0,"4":0,"5":0,"6":0,"7":2}}
,"D:\\workspace\\repository\\es-collections\\lib\\list\\src\\utils.ts": {"path":"D:\\workspace\\repository\\es-collections\\lib\\list\\src\\utils.ts","all":false,"statementMap":{"0":{"start":{"line":1,"column":0},"end":{"line":1,"column":27}},"1":{"start":{"line":2,"column":0},"end":{"line":2,"column":0}},"2":{"start":{"line":3,"column":0},"end":{"line":3,"column":39}},"3":{"start":{"line":4,"column":0},"end":{"line":4,"column":39}},"4":{"start":{"line":5,"column":0},"end":{"line":5,"column":0}},"5":{"start":{"line":6,"column":0},"end":{"line":6,"column":0}},"6":{"start":{"line":7,"column":0},"end":{"line":7,"column":1}},"7":{"start":{"line":8,"column":0},"end":{"line":8,"column":0}},"8":{"start":{"line":9,"column":0},"end":{"line":9,"column":44}},"9":{"start":{"line":10,"column":0},"end":{"line":10,"column":37}},"10":{"start":{"line":11,"column":0},"end":{"line":11,"column":0}},"11":{"start":{"line":12,"column":0},"end":{"line":12,"column":41}},"12":{"start":{"line":13,"column":0},"end":{"line":13,"column":24}},"13":{"start":{"line":14,"column":0},"end":{"line":14,"column":3}},"14":{"start":{"line":15,"column":0},"end":{"line":15,"column":0}},"15":{"start":{"line":16,"column":0},"end":{"line":16,"column":31}},"16":{"start":{"line":17,"column":0},"end":{"line":17,"column":2}},"17":{"start":{"line":18,"column":0},"end":{"line":18,"column":0}},"18":{"start":{"line":19,"column":0},"end":{"line":19,"column":0}},"19":{"start":{"line":20,"column":0},"end":{"line":20,"column":1}},"20":{"start":{"line":21,"column":0},"end":{"line":21,"column":0}},"21":{"start":{"line":22,"column":0},"end":{"line":22,"column":80}},"22":{"start":{"line":23,"column":0},"end":{"line":23,"column":22}},"23":{"start":{"line":24,"column":0},"end":{"line":24,"column":0}},"24":{"start":{"line":25,"column":0},"end":{"line":25,"column":44}},"25":{"start":{"line":26,"column":0},"end":{"line":26,"column":4}},"26":{"start":{"line":27,"column":0},"end":{"line":27,"column":33}},"27":{"start":{"line":28,"column":0},"end":{"line":28,"column":35}},"28":{"start":{"line":29,"column":0},"end":{"line":29,"column":27}},"29":{"start":{"line":30,"column":0},"end":{"line":30,"column":5}},"30":{"start":{"line":31,"column":0},"end":{"line":31,"column":3}},"31":{"start":{"line":32,"column":0},"end":{"line":32,"column":0}},"32":{"start":{"line":33,"column":0},"end":{"line":33,"column":12}},"33":{"start":{"line":34,"column":0},"end":{"line":34,"column":1}}},"s":{"0":1,"1":1,"2":1,"3":0,"4":0,"5":0,"6":0,"7":1,"8":1,"9":0,"10":0,"11":0,"12":0,"13":0,"14":0,"15":0,"16":0,"17":0,"18":0,"19":0,"20":1,"21":1,"22":1,"23":1,"24":1,"25":1,"26":1,"27":6,"28":42,"29":42,"30":6,"31":1,"32":1,"33":1},"branchMap":{"0":{"type":"branch","line":22,"loc":{"start":{"line":22,"column":7},"end":{"line":34,"column":1}},"locations":[{"start":{"line":22,"column":7},"end":{"line":34,"column":1}}]},"1":{"type":"branch","line":25,"loc":{"start":{"line":25,"column":32},"end":{"line":25,"column":44}},"locations":[{"start":{"line":25,"column":32},"end":{"line":25,"column":44}}]},"2":{"type":"branch","line":27,"loc":{"start":{"line":27,"column":32},"end":{"line":31,"column":3}},"locations":[{"start":{"line":27,"column":32},"end":{"line":31,"column":3}}]},"3":{"type":"branch","line":28,"loc":{"start":{"line":28,"column":34},"end":{"line":30,"column":5}},"locations":[{"start":{"line":28,"column":34},"end":{"line":30,"column":5}}]}},"b":{"0":[1],"1":[6],"2":[6],"3":[42]},"fnMap":{"0":{"name":"dec2bin","decl":{"start":{"line":3,"column":7},"end":{"line":7,"column":1}},"loc":{"start":{"line":3,"column":7},"end":{"line":7,"column":1}},"line":3},"1":{"name":"isPalindrome","decl":{"start":{"line":9,"column":7},"end":{"line":20,"column":1}},"loc":{"start":{"line":9,"column":7},"end":{"line":20,"column":1}},"line":9},"2":{"name":"createDoubleDimArray","decl":{"start":{"line":22,"column":7},"end":{"line":34,"column":1}},"loc":{"start":{"line":22,"column":7},"end":{"line":34,"column":1}},"line":22}},"f":{"0":0,"1":0,"2":1}}
}
